0 verbose cli /Users/ayomidelawal/.nvm/versions/node/v20.20.1/bin/node /Users/ayomidelawal/.nvm/versions/node/v20.20.1/bin/npm
1 info using npm@10.8.2
2 info using node@v20.20.1
3 silly config load:file:/Users/ayomidelawal/.nvm/versions/node/v20.20.1/lib/node_modules/npm/npmrc
4 silly config load:file:/Users/ayomidelawal/Downloads/yinlade dental/clinic-app/.npmrc
5 silly config load:file:/Users/ayomidelawal/.npmrc
6 silly config load:file:/Users/ayomidelawal/Downloads/yinlade dental/clinic-app/.npm-prefix/etc/npmrc
7 verbose title npm install prisma@^6 @prisma/client@^6
8 verbose argv "install" "prisma@^6" "@prisma/client@^6"
9 verbose logfile logs-max:10 dir:/Users/ayomidelawal/Downloads/yinlade dental/clinic-app/.npm-cache/_logs/2026-03-19T20_15_29_904Z-
10 verbose logfile /Users/ayomidelawal/Downloads/yinlade dental/clinic-app/.npm-cache/_logs/2026-03-19T20_15_29_904Z-debug-0.log
11 silly packumentCache heap:2197815296 maxSize:549453824 maxEntrySize:274726912
12 silly logfile done cleaning log files
13 silly idealTree buildDeps
14 silly fetch manifest @prisma/client@^6
15 silly packumentCache full:https://registry.npmjs.org/@prisma%2fclient cache-miss
16 verbose shrinkwrap failed to load node_modules/.package-lock.json out of date, updated: node_modules
17 http fetch GET 200 https://registry.npmjs.org/@prisma%2fclient 314ms (cache revalidated)
18 silly packumentCache full:https://registry.npmjs.org/@prisma%2fclient set size:67214414 disposed:false
19 silly fetch manifest prisma@^6
20 silly packumentCache full:https://registry.npmjs.org/prisma cache-miss
21 http fetch GET 200 https://registry.npmjs.org/prisma 154ms (cache revalidated)
22 silly packumentCache full:https://registry.npmjs.org/prisma set size:42830629 disposed:false
23 silly fetch manifest typescript@^5.9.3
24 silly packumentCache full:https://registry.npmjs.org/typescript cache-miss
25 http fetch GET 200 https://registry.npmjs.org/typescript 64ms (cache revalidated)
26 silly packumentCache full:https://registry.npmjs.org/typescript set size:15373407 disposed:false
27 silly placeDep ROOT @prisma/client@6.19.2 REPLACE for: clinic-app@1.0.0 want: ^6
28 silly placeDep ROOT prisma@6.19.2 REPLACE for: clinic-app@1.0.0 want: ^6
29 silly fetch manifest @prisma/config@6.19.2
30 silly packumentCache full:https://registry.npmjs.org/@prisma%2fconfig cache-miss
31 silly fetch manifest @prisma/engines@6.19.2
32 silly packumentCache full:https://registry.npmjs.org/@prisma%2fengines cache-miss
33 http fetch GET 200 https://registry.npmjs.org/@prisma%2fconfig 86ms (cache revalidated)
34 silly packumentCache full:https://registry.npmjs.org/@prisma%2fconfig set size:3591520 disposed:false
35 http fetch GET 200 https://registry.npmjs.org/@prisma%2fengines 174ms (cache revalidated)
36 silly packumentCache full:https://registry.npmjs.org/@prisma%2fengines set size:21578778 disposed:false
37 silly placeDep ROOT @prisma/config@6.19.2 OK for: prisma@6.19.2 want: 6.19.2
38 silly placeDep ROOT @prisma/engines@6.19.2 OK for: prisma@6.19.2 want: 6.19.2
39 silly fetch manifest c12@3.1.0
40 silly packumentCache full:https://registry.npmjs.org/c12 cache-miss
41 silly fetch manifest effect@3.18.4
42 silly packumentCache full:https://registry.npmjs.org/effect cache-miss
43 silly fetch manifest empathic@2.0.0
44 silly packumentCache full:https://registry.npmjs.org/empathic cache-miss
45 silly fetch manifest deepmerge-ts@7.1.5
46 silly packumentCache full:https://registry.npmjs.org/deepmerge-ts cache-miss
47 silly fetch manifest @prisma/debug@6.19.2
48 silly packumentCache full:https://registry.npmjs.org/@prisma%2fdebug cache-miss
49 silly fetch manifest @prisma/fetch-engine@6.19.2
50 silly packumentCache full:https://registry.npmjs.org/@prisma%2ffetch-engine cache-miss
51 silly fetch manifest @prisma/get-platform@6.19.2
52 silly packumentCache full:https://registry.npmjs.org/@prisma%2fget-platform cache-miss
53 http fetch GET 200 https://registry.npmjs.org/effect 79ms (cache revalidated)
54 silly packumentCache full:https://registry.npmjs.org/effect set size:9743547 disposed:false
55 silly fetch manifest @prisma/engines-version@7.1.1-3.c2990dca591cba766e3b7ef5d9e8a84796e47ab7
56 silly packumentCache full:https://registry.npmjs.org/@prisma%2fengines-version cache-miss
57 http fetch GET 200 https://registry.npmjs.org/@prisma%2fdebug 176ms (cache revalidated)
58 silly packumentCache full:https://registry.npmjs.org/@prisma%2fdebug set size:28538769 disposed:false
59 http fetch GET 200 https://registry.npmjs.org/empathic 315ms (cache revalidated)
60 silly packumentCache full:https://registry.npmjs.org/empathic set size:18290 disposed:false
61 http fetch GET 200 https://registry.npmjs.org/c12 317ms (cache revalidated)
62 silly packumentCache full:https://registry.npmjs.org/c12 set size:183401 disposed:false
63 http fetch GET 200 https://registry.npmjs.org/deepmerge-ts 317ms (cache revalidated)
64 silly packumentCache full:https://registry.npmjs.org/deepmerge-ts set size:334522 disposed:false
65 http fetch GET 200 https://registry.npmjs.org/@prisma%2fengines-version 235ms (cache revalidated)
66 silly packumentCache full:https://registry.npmjs.org/@prisma%2fengines-version set size:9903469 disposed:false
67 http fetch GET 200 https://registry.npmjs.org/@prisma%2fget-platform 400ms (cache revalidated)
68 silly packumentCache full:https://registry.npmjs.org/@prisma%2fget-platform set size:28213832 disposed:false
69 http fetch GET 200 https://registry.npmjs.org/@prisma%2ffetch-engine 516ms (cache revalidated)
70 silly packumentCache full:https://registry.npmjs.org/@prisma%2ffetch-engine set size:32087551 disposed:false
71 silly fetch manifest magicast@^0.3.5
72 silly packumentCache full:https://registry.npmjs.org/magicast cache-miss
73 http fetch GET 200 https://registry.npmjs.org/magicast 58ms (cache revalidated)
74 silly packumentCache full:https://registry.npmjs.org/magicast set size:81021 disposed:false
75 silly placeDep ROOT c12@3.1.0 OK for: @prisma/config@6.19.2 want: 3.1.0
76 silly placeDep ROOT deepmerge-ts@7.1.5 OK for: @prisma/config@6.19.2 want: 7.1.5
77 silly placeDep ROOT effect@3.18.4 OK for: @prisma/config@6.19.2 want: 3.18.4
78 silly placeDep ROOT empathic@2.0.0 OK for: @prisma/config@6.19.2 want: 2.0.0
79 silly fetch manifest rc9@^2.1.2
80 silly packumentCache full:https://registry.npmjs.org/rc9 cache-miss
81 silly fetch manifest defu@^6.1.4
82 silly packumentCache full:https://registry.npmjs.org/defu cache-miss
83 silly fetch manifest giget@^2.0.0
84 silly packumentCache full:https://registry.npmjs.org/giget cache-miss
85 silly fetch manifest ohash@^2.0.11
86 silly packumentCache full:https://registry.npmjs.org/ohash cache-miss
87 silly fetch manifest pathe@^2.0.3
88 silly packumentCache full:https://registry.npmjs.org/pathe cache-miss
89 silly fetch manifest dotenv@^16.6.1
90 silly packumentCache full:https://registry.npmjs.org/dotenv cache-miss
91 silly fetch manifest confbox@^0.2.2
92 silly packumentCache full:https://registry.npmjs.org/confbox cache-miss
93 http fetch GET 200 https://registry.npmjs.org/rc9 57ms (cache revalidated)
94 silly packumentCache full:https://registry.npmjs.org/rc9 set size:60646 disposed:false
95 silly fetch manifest exsolve@^1.0.7
96 silly packumentCache full:https://registry.npmjs.org/exsolve cache-miss
97 http fetch GET 200 https://registry.npmjs.org/confbox 58ms (cache revalidated)
98 silly packumentCache full:https://registry.npmjs.org/confbox set size:44789 disposed:false
99 silly fetch manifest chokidar@^4.0.3
100 silly packumentCache full:https://registry.npmjs.org/chokidar cache-miss
101 http fetch GET 200 https://registry.npmjs.org/pathe 60ms (cache revalidated)
102 silly packumentCache full:https://registry.npmjs.org/pathe set size:68788 disposed:false
103 silly fetch manifest pkg-types@^2.2.0
104 silly packumentCache full:https://registry.npmjs.org/pkg-types cache-miss
105 http fetch GET 200 https://registry.npmjs.org/ohash 61ms (cache revalidated)
106 silly packumentCache full:https://registry.npmjs.org/ohash set size:69122 disposed:false
107 silly fetch manifest perfect-debounce@^1.0.0
108 silly packumentCache full:https://registry.npmjs.org/perfect-debounce cache-miss
109 http fetch GET 200 https://registry.npmjs.org/defu 66ms (cache revalidated)
110 silly packumentCache full:https://registry.npmjs.org/defu set size:85562 disposed:false
111 silly fetch manifest fast-check@^3.23.1
112 silly packumentCache full:https://registry.npmjs.org/fast-check cache-miss
113 http fetch GET 200 https://registry.npmjs.org/dotenv 67ms (cache revalidated)
114 silly packumentCache full:https://registry.npmjs.org/dotenv set size:270065 disposed:false
115 silly fetch manifest @standard-schema/spec@^1.0.0
116 silly packumentCache full:https://registry.npmjs.org/@standard-schema%2fspec cache-miss
117 http fetch GET 200 https://registry.npmjs.org/giget 89ms (cache revalidated)
118 silly packumentCache full:https://registry.npmjs.org/giget set size:93314 disposed:false
119 http fetch GET 200 https://registry.npmjs.org/pkg-types 50ms (cache revalidated)
120 silly packumentCache full:https://registry.npmjs.org/pkg-types set size:85931 disposed:false
121 http fetch GET 200 https://registry.npmjs.org/exsolve 54ms (cache revalidated)
122 silly packumentCache full:https://registry.npmjs.org/exsolve set size:56620 disposed:false
123 http fetch GET 200 https://registry.npmjs.org/perfect-debounce 68ms (cache revalidated)
124 silly packumentCache full:https://registry.npmjs.org/perfect-debounce set size:28201 disposed:false
125 http fetch GET 200 https://registry.npmjs.org/chokidar 72ms (cache revalidated)
126 silly packumentCache full:https://registry.npmjs.org/chokidar set size:255902 disposed:false
127 http fetch GET 200 https://registry.npmjs.org/@standard-schema%2fspec 64ms (cache revalidated)
128 silly packumentCache full:https://registry.npmjs.org/@standard-schema%2fspec set size:27284 disposed:false
129 http fetch GET 200 https://registry.npmjs.org/fast-check 69ms (cache revalidated)
130 silly packumentCache full:https://registry.npmjs.org/fast-check set size:933673 disposed:false
131 silly placeDep ROOT @prisma/debug@6.19.2 OK for: @prisma/engines@6.19.2 want: 6.19.2
132 silly placeDep ROOT @prisma/engines-version@7.1.1-3.c2990dca591cba766e3b7ef5d9e8a84796e47ab7 OK for: @prisma/engines@6.19.2 want: 7.1.1-3.c2990dca591cba766e3b7ef5d9e8a84796e47ab7
133 silly placeDep ROOT @prisma/fetch-engine@6.19.2 OK for: @prisma/engines@6.19.2 want: 6.19.2
134 silly placeDep ROOT @prisma/get-platform@6.19.2 OK for: @prisma/engines@6.19.2 want: 6.19.2
135 silly placeDep ROOT chokidar@4.0.3 OK for: c12@3.1.0 want: ^4.0.3
136 silly placeDep ROOT confbox@0.2.4 OK for: c12@3.1.0 want: ^0.2.2
137 silly placeDep ROOT defu@6.1.4 OK for: c12@3.1.0 want: ^6.1.4
138 silly placeDep ROOT dotenv@16.6.1 OK for: c12@3.1.0 want: ^16.6.1
139 silly placeDep ROOT exsolve@1.0.8 OK for: c12@3.1.0 want: ^1.0.7
140 silly placeDep ROOT giget@2.0.0 OK for: c12@3.1.0 want: ^2.0.0
141 silly placeDep ROOT ohash@2.0.11 OK for: c12@3.1.0 want: ^2.0.11
142 silly placeDep ROOT pathe@2.0.3 OK for: c12@3.1.0 want: ^2.0.3
143 silly placeDep ROOT perfect-debounce@1.0.0 OK for: c12@3.1.0 want: ^1.0.0
144 silly placeDep ROOT pkg-types@2.3.0 OK for: c12@3.1.0 want: ^2.2.0
145 silly placeDep ROOT rc9@2.1.2 OK for: c12@3.1.0 want: ^2.1.2
146 silly fetch manifest readdirp@^4.0.1
147 silly packumentCache full:https://registry.npmjs.org/readdirp cache-miss
148 silly fetch manifest nypm@^0.6.0
149 silly packumentCache full:https://registry.npmjs.org/nypm cache-miss
150 silly fetch manifest citty@^0.1.6
151 silly packumentCache full:https://registry.npmjs.org/citty cache-miss
152 silly fetch manifest consola@^3.4.0
153 silly packumentCache full:https://registry.npmjs.org/consola cache-miss
154 silly fetch manifest node-fetch-native@^1.6.6
155 silly packumentCache full:https://registry.npmjs.org/node-fetch-native cache-miss
156 silly fetch manifest destr@^2.0.3
157 silly packumentCache full:https://registry.npmjs.org/destr cache-miss
158 http fetch GET 200 https://registry.npmjs.org/destr 49ms (cache revalidated)
159 silly packumentCache full:https://registry.npmjs.org/destr set size:65344 disposed:false
160 http fetch GET 200 https://registry.npmjs.org/readdirp 61ms (cache revalidated)
161 silly packumentCache full:https://registry.npmjs.org/readdirp set size:107589 disposed:false
162 http fetch GET 200 https://registry.npmjs.org/nypm 61ms (cache revalidated)
163 silly packumentCache full:https://registry.npmjs.org/nypm set size:82586 disposed:false
164 http fetch GET 200 https://registry.npmjs.org/citty 62ms (cache revalidated)
165 silly packumentCache full:https://registry.npmjs.org/citty set size:31399 disposed:false
166 http fetch GET 200 https://registry.npmjs.org/node-fetch-native 63ms (cache revalidated)
167 silly packumentCache full:https://registry.npmjs.org/node-fetch-native set size:114626 disposed:false
168 http fetch GET 200 https://registry.npmjs.org/consola 66ms (cache revalidated)
169 silly packumentCache full:https://registry.npmjs.org/consola set size:324648 disposed:false
170 silly placeDep ROOT readdirp@4.1.2 OK for: chokidar@4.0.3 want: ^4.0.1
171 silly placeDep ROOT @standard-schema/spec@1.1.0 OK for: effect@3.18.4 want: ^1.0.0
172 silly placeDep ROOT fast-check@3.23.2 OK for: effect@3.18.4 want: ^3.23.1
173 silly fetch manifest pure-rand@^6.1.0
174 silly packumentCache full:https://registry.npmjs.org/pure-rand cache-miss
175 http fetch GET 200 https://registry.npmjs.org/pure-rand 57ms (cache revalidated)
176 silly packumentCache full:https://registry.npmjs.org/pure-rand set size:176259 disposed:false
177 silly placeDep ROOT pure-rand@6.1.0 OK for: fast-check@3.23.2 want: ^6.1.0
178 silly placeDep ROOT citty@0.1.6 OK for: giget@2.0.0 want: ^0.1.6
179 silly placeDep ROOT consola@3.4.2 OK for: giget@2.0.0 want: ^3.4.0
180 silly placeDep ROOT node-fetch-native@1.6.7 OK for: giget@2.0.0 want: ^1.6.6
181 silly placeDep ROOT nypm@0.6.5 OK for: giget@2.0.0 want: ^0.6.0
182 silly fetch manifest consola@^3.2.3
183 silly packumentCache full:https://registry.npmjs.org/consola cache-hit
184 silly fetch manifest citty@^0.2.0
185 silly packumentCache full:https://registry.npmjs.org/citty cache-hit
186 silly fetch manifest tinyexec@^1.0.2
187 silly packumentCache full:https://registry.npmjs.org/tinyexec cache-miss
188 http fetch GET 200 https://registry.npmjs.org/tinyexec 48ms (cache revalidated)
189 silly packumentCache full:https://registry.npmjs.org/tinyexec set size:43341 disposed:false
190 silly placeDep node_modules/nypm citty@0.2.1 OK for: nypm@0.6.5 want: ^0.2.0
191 silly placeDep ROOT tinyexec@1.0.4 OK for: nypm@0.6.5 want: ^1.0.2
192 silly placeDep ROOT destr@2.0.5 OK for: rc9@2.1.2 want: ^2.0.3
193 silly fetch manifest eslint@^2 || ^3 || ^4 || ^5 || ^6 || ^7.2.0 || ^8 || ^9
194 silly packumentCache full:https://registry.npmjs.org/eslint cache-miss
195 http fetch GET 200 https://registry.npmjs.org/eslint 8ms (cache hit)
196 silly packumentCache full:https://registry.npmjs.org/eslint set size:1963267 disposed:false
197 silly fetch manifest jiti@*
198 silly packumentCache full:https://registry.npmjs.org/jiti cache-miss
199 http fetch GET 200 https://registry.npmjs.org/jiti 5ms (cache hit)
200 silly packumentCache full:https://registry.npmjs.org/jiti set size:382310 disposed:false
201 warn ERESOLVE overriding peer dependency {
201 warn ERESOLVE   code: 'ERESOLVE',
201 warn ERESOLVE   edge: {
201 warn ERESOLVE     type: 'peer',
201 warn ERESOLVE     name: 'eslint',
201 warn ERESOLVE     spec: '^2 || ^3 || ^4 || ^5 || ^6 || ^7.2.0 || ^8 || ^9',
201 warn ERESOLVE     error: 'INVALID',
201 warn ERESOLVE     from: {
201 warn ERESOLVE       name: 'eslint-plugin-import',
201 warn ERESOLVE       version: '2.32.0',
201 warn ERESOLVE       location: 'node_modules/eslint-config-next/node_modules/eslint-plugin-import',
201 warn ERESOLVE       isWorkspace: false,
201 warn ERESOLVE       dependents: [Array]
201 warn ERESOLVE     }
201 warn ERESOLVE   },
201 warn ERESOLVE   dep: {
201 warn ERESOLVE     name: 'eslint',
201 warn ERESOLVE     version: '9.39.4',
201 warn ERESOLVE     whileInstalling: {
201 warn ERESOLVE       name: 'eslint-plugin-import',
201 warn ERESOLVE       version: '2.32.0',
201 warn ERESOLVE       path: '/Users/ayomidelawal/Downloads/yinlade dental/clinic-app/node_modules/eslint-config-next/node_modules/eslint-plugin-import'
201 warn ERESOLVE     },
201 warn ERESOLVE     location: 'node_modules/eslint',
201 warn ERESOLVE     isWorkspace: false,
201 warn ERESOLVE     dependents: [ [Object] ]
201 warn ERESOLVE   },
201 warn ERESOLVE   force: false,
201 warn ERESOLVE   isMine: false,
201 warn ERESOLVE   strictPeerDeps: false,
201 warn ERESOLVE   current: {
201 warn ERESOLVE     name: 'eslint',
201 warn ERESOLVE     version: '10.0.3',
201 warn ERESOLVE     location: 'node_modules/eslint',
201 warn ERESOLVE     isWorkspace: false,
201 warn ERESOLVE     dependents: [
201 warn ERESOLVE       [Object], [Object],
201 warn ERESOLVE       [Object], [Object],
201 warn ERESOLVE       [Object], [Object],
201 warn ERESOLVE       [Object], [Object],
201 warn ERESOLVE       [Object]
201 warn ERESOLVE     ]
201 warn ERESOLVE   },
201 warn ERESOLVE   peerConflict: {
201 warn ERESOLVE     current: {
201 warn ERESOLVE       name: 'eslint',
201 warn ERESOLVE       version: '10.0.3',
201 warn ERESOLVE       location: 'node_modules/eslint',
201 warn ERESOLVE       isWorkspace: false,
201 warn ERESOLVE       dependents: [Array]
201 warn ERESOLVE     },
201 warn ERESOLVE     peer: {
201 warn ERESOLVE       name: 'eslint',
201 warn ERESOLVE       version: '9.39.4',
201 warn ERESOLVE       whileInstalling: [Object],
201 warn ERESOLVE       location: 'node_modules/eslint',
201 warn ERESOLVE       isWorkspace: false,
201 warn ERESOLVE       dependents: [Array]
201 warn ERESOLVE     }
201 warn ERESOLVE   }
201 warn ERESOLVE }
202 silly fetch manifest eslint@^3 || ^4 || ^5 || ^6 || ^7 || ^8 || ^9
203 silly packumentCache full:https://registry.npmjs.org/eslint cache-miss
204 http fetch GET 200 https://registry.npmjs.org/eslint 4ms (cache hit)
205 silly packumentCache full:https://registry.npmjs.org/eslint set size:1963267 disposed:false
206 warn ERESOLVE overriding peer dependency {
206 warn ERESOLVE   code: 'ERESOLVE',
206 warn ERESOLVE   edge: {
206 warn ERESOLVE     type: 'peer',
206 warn ERESOLVE     name: 'eslint',
206 warn ERESOLVE     spec: '^3 || ^4 || ^5 || ^6 || ^7 || ^8 || ^9',
206 warn ERESOLVE     error: 'INVALID',
206 warn ERESOLVE     from: {
206 warn ERESOLVE       name: 'eslint-plugin-jsx-a11y',
206 warn ERESOLVE       version: '6.10.2',
206 warn ERESOLVE       location: 'node_modules/eslint-config-next/node_modules/eslint-plugin-jsx-a11y',
206 warn ERESOLVE       isWorkspace: false,
206 warn ERESOLVE       dependents: [Array]
206 warn ERESOLVE     }
206 warn ERESOLVE   },
206 warn ERESOLVE   dep: {
206 warn ERESOLVE     name: 'eslint',
206 warn ERESOLVE     version: '9.39.4',
206 warn ERESOLVE     whileInstalling: {
206 warn ERESOLVE       name: 'eslint-plugin-jsx-a11y',
206 warn ERESOLVE       version: '6.10.2',
206 warn ERESOLVE       path: '/Users/ayomidelawal/Downloads/yinlade dental/clinic-app/node_modules/eslint-config-next/node_modules/eslint-plugin-jsx-a11y'
206 warn ERESOLVE     },
206 warn ERESOLVE     location: 'node_modules/eslint',
206 warn ERESOLVE     isWorkspace: false,
206 warn ERESOLVE     dependents: [ [Object] ]
206 warn ERESOLVE   },
206 warn ERESOLVE   force: false,
206 warn ERESOLVE   isMine: false,
206 warn ERESOLVE   strictPeerDeps: false,
206 warn ERESOLVE   current: {
206 warn ERESOLVE     name: 'eslint',
206 warn ERESOLVE     version: '10.0.3',
206 warn ERESOLVE     location: 'node_modules/eslint',
206 warn ERESOLVE     isWorkspace: false,
206 warn ERESOLVE     dependents: [
206 warn ERESOLVE       [Object], [Object],
206 warn ERESOLVE       [Object], [Object],
206 warn ERESOLVE       [Object], [Object],
206 warn ERESOLVE       [Object], [Object],
206 warn ERESOLVE       [Object]
206 warn ERESOLVE     ]
206 warn ERESOLVE   },
206 warn ERESOLVE   peerConflict: {
206 warn ERESOLVE     current: {
206 warn ERESOLVE       name: 'eslint',
206 warn ERESOLVE       version: '10.0.3',
206 warn ERESOLVE       location: 'node_modules/eslint',
206 warn ERESOLVE       isWorkspace: false,
206 warn ERESOLVE       dependents: [Array]
206 warn ERESOLVE     },
206 warn ERESOLVE     peer: {
206 warn ERESOLVE       name: 'eslint',
206 warn ERESOLVE       version: '9.39.4',
206 warn ERESOLVE       whileInstalling: [Object],
206 warn ERESOLVE       location: 'node_modules/eslint',
206 warn ERESOLVE       isWorkspace: false,
206 warn ERESOLVE       dependents: [Array]
206 warn ERESOLVE     }
206 warn ERESOLVE   }
206 warn ERESOLVE }
207 silly fetch manifest eslint@^3 || ^4 || ^5 || ^6 || ^7 || ^8 || ^9.7
208 silly packumentCache full:https://registry.npmjs.org/eslint cache-miss
209 http fetch GET 200 https://registry.npmjs.org/eslint 4ms (cache hit)
210 silly packumentCache full:https://registry.npmjs.org/eslint set size:1963267 disposed:false
211 warn ERESOLVE overriding peer dependency {
211 warn ERESOLVE   code: 'ERESOLVE',
211 warn ERESOLVE   edge: {
211 warn ERESOLVE     type: 'peer',
211 warn ERESOLVE     name: 'eslint',
211 warn ERESOLVE     spec: '^3 || ^4 || ^5 || ^6 || ^7 || ^8 || ^9.7',
211 warn ERESOLVE     error: 'INVALID',
211 warn ERESOLVE     from: {
211 warn ERESOLVE       name: 'eslint-plugin-react',
211 warn ERESOLVE       version: '7.37.5',
211 warn ERESOLVE       location: 'node_modules/eslint-config-next/node_modules/eslint-plugin-react',
211 warn ERESOLVE       isWorkspace: false,
211 warn ERESOLVE       dependents: [Array]
211 warn ERESOLVE     }
211 warn ERESOLVE   },
211 warn ERESOLVE   dep: {
211 warn ERESOLVE     name: 'eslint',
211 warn ERESOLVE     version: '9.39.4',
211 warn ERESOLVE     whileInstalling: {
211 warn ERESOLVE       name: 'eslint-plugin-react',
211 warn ERESOLVE       version: '7.37.5',
211 warn ERESOLVE       path: '/Users/ayomidelawal/Downloads/yinlade dental/clinic-app/node_modules/eslint-config-next/node_modules/eslint-plugin-react'
211 warn ERESOLVE     },
211 warn ERESOLVE     location: 'node_modules/eslint',
211 warn ERESOLVE     isWorkspace: false,
211 warn ERESOLVE     dependents: [ [Object] ]
211 warn ERESOLVE   },
211 warn ERESOLVE   force: false,
211 warn ERESOLVE   isMine: false,
211 warn ERESOLVE   strictPeerDeps: false,
211 warn ERESOLVE   current: {
211 warn ERESOLVE     name: 'eslint',
211 warn ERESOLVE     version: '10.0.3',
211 warn ERESOLVE     location: 'node_modules/eslint',
211 warn ERESOLVE     isWorkspace: false,
211 warn ERESOLVE     dependents: [
211 warn ERESOLVE       [Object], [Object],
211 warn ERESOLVE       [Object], [Object],
211 warn ERESOLVE       [Object], [Object],
211 warn ERESOLVE       [Object], [Object],
211 warn ERESOLVE       [Object]
211 warn ERESOLVE     ]
211 warn ERESOLVE   },
211 warn ERESOLVE   peerConflict: {
211 warn ERESOLVE     current: {
211 warn ERESOLVE       name: 'eslint',
211 warn ERESOLVE       version: '10.0.3',
211 warn ERESOLVE       location: 'node_modules/eslint',
211 warn ERESOLVE       isWorkspace: false,
211 warn ERESOLVE       dependents: [Array]
211 warn ERESOLVE     },
211 warn ERESOLVE     peer: {
211 warn ERESOLVE       name: 'eslint',
211 warn ERESOLVE       version: '9.39.4',
211 warn ERESOLVE       whileInstalling: [Object],
211 warn ERESOLVE       location: 'node_modules/eslint',
211 warn ERESOLVE       isWorkspace: false,
211 warn ERESOLVE       dependents: [Array]
211 warn ERESOLVE     }
211 warn ERESOLVE   }
211 warn ERESOLVE }
212 silly fetch manifest eslint@^3.0.0 || ^4.0.0 || ^5.0.0 || ^6.0.0 || ^7.0.0 || ^8.0.0-0 || ^9.0.0
213 silly packumentCache full:https://registry.npmjs.org/eslint cache-miss
214 http fetch GET 200 https://registry.npmjs.org/eslint 4ms (cache hit)
215 silly packumentCache full:https://registry.npmjs.org/eslint set size:1963267 disposed:false
216 warn ERESOLVE overriding peer dependency {
216 warn ERESOLVE   code: 'ERESOLVE',
216 warn ERESOLVE   edge: {
216 warn ERESOLVE     type: 'peer',
216 warn ERESOLVE     name: 'eslint',
216 warn ERESOLVE     spec: '^3.0.0 || ^4.0.0 || ^5.0.0 || ^6.0.0 || ^7.0.0 || ^8.0.0-0 || ^9.0.0',
216 warn ERESOLVE     error: 'INVALID',
216 warn ERESOLVE     from: {
216 warn ERESOLVE       name: 'eslint-plugin-react-hooks',
216 warn ERESOLVE       version: '7.0.1',
216 warn ERESOLVE       location: 'node_modules/eslint-config-next/node_modules/eslint-plugin-react-hooks',
216 warn ERESOLVE       isWorkspace: false,
216 warn ERESOLVE       dependents: [Array]
216 warn ERESOLVE     }
216 warn ERESOLVE   },
216 warn ERESOLVE   dep: {
216 warn ERESOLVE     name: 'eslint',
216 warn ERESOLVE     version: '9.39.4',
216 warn ERESOLVE     whileInstalling: {
216 warn ERESOLVE       name: 'eslint-plugin-react-hooks',
216 warn ERESOLVE       version: '7.0.1',
216 warn ERESOLVE       path: '/Users/ayomidelawal/Downloads/yinlade dental/clinic-app/node_modules/eslint-config-next/node_modules/eslint-plugin-react-hooks'
216 warn ERESOLVE     },
216 warn ERESOLVE     location: 'node_modules/eslint',
216 warn ERESOLVE     isWorkspace: false,
216 warn ERESOLVE     dependents: [ [Object] ]
216 warn ERESOLVE   },
216 warn ERESOLVE   force: false,
216 warn ERESOLVE   isMine: false,
216 warn ERESOLVE   strictPeerDeps: false,
216 warn ERESOLVE   current: {
216 warn ERESOLVE     name: 'eslint',
216 warn ERESOLVE     version: '10.0.3',
216 warn ERESOLVE     location: 'node_modules/eslint',
216 warn ERESOLVE     isWorkspace: false,
216 warn ERESOLVE     dependents: [
216 warn ERESOLVE       [Object], [Object],
216 warn ERESOLVE       [Object], [Object],
216 warn ERESOLVE       [Object], [Object],
216 warn ERESOLVE       [Object], [Object],
216 warn ERESOLVE       [Object]
216 warn ERESOLVE     ]
216 warn ERESOLVE   },
216 warn ERESOLVE   peerConflict: {
216 warn ERESOLVE     current: {
216 warn ERESOLVE       name: 'eslint',
216 warn ERESOLVE       version: '10.0.3',
216 warn ERESOLVE       location: 'node_modules/eslint',
216 warn ERESOLVE       isWorkspace: false,
216 warn ERESOLVE       dependents: [Array]
216 warn ERESOLVE     },
216 warn ERESOLVE     peer: {
216 warn ERESOLVE       name: 'eslint',
216 warn ERESOLVE       version: '9.39.4',
216 warn ERESOLVE       whileInstalling: [Object],
216 warn ERESOLVE       location: 'node_modules/eslint',
216 warn ERESOLVE       isWorkspace: false,
216 warn ERESOLVE       dependents: [Array]
216 warn ERESOLVE     }
216 warn ERESOLVE   }
216 warn ERESOLVE }
217 silly reify mark retired [
217 silly reify   '/Users/ayomidelawal/Downloads/yinlade dental/clinic-app/node_modules/aws-ssl-profiles'
217 silly reify ]
218 silly reify mark retired [
218 silly reify   '/Users/ayomidelawal/Downloads/yinlade dental/clinic-app/node_modules/chevrotain'
218 silly reify ]
219 silly reify mark retired [
219 silly reify   '/Users/ayomidelawal/Downloads/yinlade dental/clinic-app/node_modules/denque'
219 silly reify ]
220 silly reify mark retired [
220 silly reify   '/Users/ayomidelawal/Downloads/yinlade dental/clinic-app/node_modules/foreground-child'
220 silly reify ]
221 silly reify mark retired [
221 silly reify   '/Users/ayomidelawal/Downloads/yinlade dental/clinic-app/node_modules/generate-function'
221 silly reify ]
222 silly reify mark retired [
222 silly reify   '/Users/ayomidelawal/Downloads/yinlade dental/clinic-app/node_modules/get-port-please'
222 silly reify ]
223 silly reify mark retired [
223 silly reify   '/Users/ayomidelawal/Downloads/yinlade dental/clinic-app/node_modules/grammex'
223 silly reify ]
224 silly reify mark retired [
224 silly reify   '/Users/ayomidelawal/Downloads/yinlade dental/clinic-app/node_modules/graceful-fs'
224 silly reify ]
225 silly reify mark retired [
225 silly reify   '/Users/ayomidelawal/Downloads/yinlade dental/clinic-app/node_modules/graphmatch'
225 silly reify ]
226 silly reify mark retired [
226 silly reify   '/Users/ayomidelawal/Downloads/yinlade dental/clinic-app/node_modules/http-status-codes'
226 silly reify ]
227 silly reify mark retired [
227 silly reify   '/Users/ayomidelawal/Downloads/yinlade dental/clinic-app/node_modules/hono'
227 silly reify ]
228 silly reify mark retired [
228 silly reify   '/Users/ayomidelawal/Downloads/yinlade dental/clinic-app/node_modules/iconv-lite'
228 silly reify ]
229 silly reify mark retired [
229 silly reify   '/Users/ayomidelawal/Downloads/yinlade dental/clinic-app/node_modules/is-property'
229 silly reify ]
230 silly reify mark retired [
230 silly reify   '/Users/ayomidelawal/Downloads/yinlade dental/clinic-app/node_modules/lilconfig'
230 silly reify ]
231 silly reify mark retired [
231 silly reify   '/Users/ayomidelawal/Downloads/yinlade dental/clinic-app/node_modules/lodash'
231 silly reify ]
232 silly reify mark retired [
232 silly reify   '/Users/ayomidelawal/Downloads/yinlade dental/clinic-app/node_modules/long'
232 silly reify ]
233 silly reify mark retired [
233 silly reify   '/Users/ayomidelawal/Downloads/yinlade dental/clinic-app/node_modules/lru.min'
233 silly reify ]
234 silly reify mark retired [
234 silly reify   '/Users/ayomidelawal/Downloads/yinlade dental/clinic-app/node_modules/mysql2'
234 silly reify ]
235 silly reify mark retired [
235 silly reify   '/Users/ayomidelawal/Downloads/yinlade dental/clinic-app/node_modules/named-placeholders'
235 silly reify ]
236 silly reify mark retired [
236 silly reify   '/Users/ayomidelawal/Downloads/yinlade dental/clinic-app/node_modules/postgres'
236 silly reify ]
237 silly reify mark retired [
237 silly reify   '/Users/ayomidelawal/Downloads/yinlade dental/clinic-app/node_modules/prisma',
237 silly reify   '/Users/ayomidelawal/Downloads/yinlade dental/clinic-app/node_modules/.bin/prisma'
237 silly reify ]
238 silly reify mark retired [
238 silly reify   '/Users/ayomidelawal/Downloads/yinlade dental/clinic-app/node_modules/regexp-to-ast'
238 silly reify ]
239 silly reify mark retired [
239 silly reify   '/Users/ayomidelawal/Downloads/yinlade dental/clinic-app/node_modules/remeda'
239 silly reify ]
240 silly reify mark retired [
240 silly reify   '/Users/ayomidelawal/Downloads/yinlade dental/clinic-app/node_modules/retry'
240 silly reify ]
241 silly reify mark retired [
241 silly reify   '/Users/ayomidelawal/Downloads/yinlade dental/clinic-app/node_modules/proper-lockfile'
241 silly reify ]
242 silly reify mark retired [
242 silly reify   '/Users/ayomidelawal/Downloads/yinlade dental/clinic-app/node_modules/safer-buffer'
242 silly reify ]
243 silly reify mark retired [
243 silly reify   '/Users/ayomidelawal/Downloads/yinlade dental/clinic-app/node_modules/seq-queue'
243 silly reify ]
244 silly reify mark retired [
244 silly reify   '/Users/ayomidelawal/Downloads/yinlade dental/clinic-app/node_modules/sqlstring'
244 silly reify ]
245 silly reify mark retired [
245 silly reify   '/Users/ayomidelawal/Downloads/yinlade dental/clinic-app/node_modules/std-env'
245 silly reify ]
246 silly reify mark retired [
246 silly reify   '/Users/ayomidelawal/Downloads/yinlade dental/clinic-app/node_modules/signal-exit'
246 silly reify ]
247 silly reify mark retired [
247 silly reify   '/Users/ayomidelawal/Downloads/yinlade dental/clinic-app/node_modules/valibot'
247 silly reify ]
248 silly reify mark retired [
248 silly reify   '/Users/ayomidelawal/Downloads/yinlade dental/clinic-app/node_modules/zeptomatch'
248 silly reify ]
249 silly reify mark retired [
249 silly reify   '/Users/ayomidelawal/Downloads/yinlade dental/clinic-app/node_modules/@chevrotain/cst-dts-gen'
249 silly reify ]
250 silly reify mark retired [
250 silly reify   '/Users/ayomidelawal/Downloads/yinlade dental/clinic-app/node_modules/@chevrotain/gast'
250 silly reify ]
251 silly reify mark retired [
251 silly reify   '/Users/ayomidelawal/Downloads/yinlade dental/clinic-app/node_modules/@chevrotain/utils'
251 silly reify ]
252 silly reify mark retired [
252 silly reify   '/Users/ayomidelawal/Downloads/yinlade dental/clinic-app/node_modules/@hono/node-server'
252 silly reify ]
253 silly reify mark retired [
253 silly reify   '/Users/ayomidelawal/Downloads/yinlade dental/clinic-app/node_modules/@electric-sql/pglite'
253 silly reify ]
254 silly reify mark retired [
254 silly reify   '/Users/ayomidelawal/Downloads/yinlade dental/clinic-app/node_modules/@electric-sql/pglite-tools'
254 silly reify ]
255 silly reify mark retired [
255 silly reify   '/Users/ayomidelawal/Downloads/yinlade dental/clinic-app/node_modules/@electric-sql/pglite-socket',
255 silly reify   '/Users/ayomidelawal/Downloads/yinlade dental/clinic-app/node_modules/.bin/pglite-server'
255 silly reify ]
256 silly reify mark retired [
256 silly reify   '/Users/ayomidelawal/Downloads/yinlade dental/clinic-app/node_modules/@chevrotain/types'
256 silly reify ]
257 silly reify mark retired [
257 silly reify   '/Users/ayomidelawal/Downloads/yinlade dental/clinic-app/node_modules/@prisma/client-runtime-utils'
257 silly reify ]
258 silly reify mark retired [
258 silly reify   '/Users/ayomidelawal/Downloads/yinlade dental/clinic-app/node_modules/@prisma/client'
258 silly reify ]
259 silly reify mark retired [
259 silly reify   '/Users/ayomidelawal/Downloads/yinlade dental/clinic-app/node_modules/@prisma/debug'
259 silly reify ]
260 silly reify mark retired [
260 silly reify   '/Users/ayomidelawal/Downloads/yinlade dental/clinic-app/node_modules/@prisma/config'
260 silly reify ]
261 silly reify mark retired [
261 silly reify   '/Users/ayomidelawal/Downloads/yinlade dental/clinic-app/node_modules/@prisma/engines-version'
261 silly reify ]
262 silly reify mark retired [
262 silly reify   '/Users/ayomidelawal/Downloads/yinlade dental/clinic-app/node_modules/@prisma/dev'
262 silly reify ]
263 silly reify mark retired [
263 silly reify   '/Users/ayomidelawal/Downloads/yinlade dental/clinic-app/node_modules/@prisma/engines'
263 silly reify ]
264 silly reify mark retired [
264 silly reify   '/Users/ayomidelawal/Downloads/yinlade dental/clinic-app/node_modules/@prisma/fetch-engine'
264 silly reify ]
265 silly reify mark retired [
265 silly reify   '/Users/ayomidelawal/Downloads/yinlade dental/clinic-app/node_modules/@prisma/get-platform'
265 silly reify ]
266 silly reify mark retired [
266 silly reify   '/Users/ayomidelawal/Downloads/yinlade dental/clinic-app/node_modules/@prisma/query-plan-executor'
266 silly reify ]
267 silly reify mark retired [
267 silly reify   '/Users/ayomidelawal/Downloads/yinlade dental/clinic-app/node_modules/@mrleebo/prisma-ast'
267 silly reify ]
268 silly reify mark retired [
268 silly reify   '/Users/ayomidelawal/Downloads/yinlade dental/clinic-app/node_modules/@prisma/studio-core'
268 silly reify ]
269 silly reify moves {
269 silly reify   '/Users/ayomidelawal/Downloads/yinlade dental/clinic-app/node_modules/aws-ssl-profiles': '/Users/ayomidelawal/Downloads/yinlade dental/clinic-app/node_modules/.aws-ssl-profiles-fnJnw3r5',
269 silly reify   '/Users/ayomidelawal/Downloads/yinlade dental/clinic-app/node_modules/chevrotain': '/Users/ayomidelawal/Downloads/yinlade dental/clinic-app/node_modules/.chevrotain-EQH5KJr1',
269 silly reify   '/Users/ayomidelawal/Downloads/yinlade dental/clinic-app/node_modules/denque': '/Users/ayomidelawal/Downloads/yinlade dental/clinic-app/node_modules/.denque-mnnq58R4',
269 silly reify   '/Users/ayomidelawal/Downloads/yinlade dental/clinic-app/node_modules/foreground-child': '/Users/ayomidelawal/Downloads/yinlade dental/clinic-app/node_modules/.foreground-child-fSvLUqOn',
269 silly reify   '/Users/ayomidelawal/Downloads/yinlade dental/clinic-app/node_modules/generate-function': '/Users/ayomidelawal/Downloads/yinlade dental/clinic-app/node_modules/.generate-function-qBDte2D0',
269 silly reify   '/Users/ayomidelawal/Downloads/yinlade dental/clinic-app/node_modules/get-port-please': '/Users/ayomidelawal/Downloads/yinlade dental/clinic-app/node_modules/.get-port-please-rsBotz9O',
269 silly reify   '/Users/ayomidelawal/Downloads/yinlade dental/clinic-app/node_modules/grammex': '/Users/ayomidelawal/Downloads/yinlade dental/clinic-app/node_modules/.grammex-wQsmwmAV',
269 silly reify   '/Users/ayomidelawal/Downloads/yinlade dental/clinic-app/node_modules/graceful-fs': '/Users/ayomidelawal/Downloads/yinlade dental/clinic-app/node_modules/.graceful-fs-UMbeoAdK',
269 silly reify   '/Users/ayomidelawal/Downloads/yinlade dental/clinic-app/node_modules/graphmatch': '/Users/ayomidelawal/Downloads/yinlade dental/clinic-app/node_modules/.graphmatch-fkz2Wpu3',
269 silly reify   '/Users/ayomidelawal/Downloads/yinlade dental/clinic-app/node_modules/http-status-codes': '/Users/ayomidelawal/Downloads/yinlade dental/clinic-app/node_modules/.http-status-codes-ARfa3Nee',
269 silly reify   '/Users/ayomidelawal/Downloads/yinlade dental/clinic-app/node_modules/hono': '/Users/ayomidelawal/Downloads/yinlade dental/clinic-app/node_modules/.hono-tXejNxEa',
269 silly reify   '/Users/ayomidelawal/Downloads/yinlade dental/clinic-app/node_modules/iconv-lite': '/Users/ayomidelawal/Downloads/yinlade dental/clinic-app/node_modules/.iconv-lite-wDZ7DOT8',
269 silly reify   '/Users/ayomidelawal/Downloads/yinlade dental/clinic-app/node_modules/is-property': '/Users/ayomidelawal/Downloads/yinlade dental/clinic-app/node_modules/.is-property-OFg16xRa',
269 silly reify   '/Users/ayomidelawal/Downloads/yinlade dental/clinic-app/node_modules/lilconfig': '/Users/ayomidelawal/Downloads/yinlade dental/clinic-app/node_modules/.lilconfig-38vSBViG',
269 silly reify   '/Users/ayomidelawal/Downloads/yinlade dental/clinic-app/node_modules/lodash': '/Users/ayomidelawal/Downloads/yinlade dental/clinic-app/node_modules/.lodash-MenGZ2sy',
269 silly reify   '/Users/ayomidelawal/Downloads/yinlade dental/clinic-app/node_modules/long': '/Users/ayomidelawal/Downloads/yinlade dental/clinic-app/node_modules/.long-FejAaNCN',
269 silly reify   '/Users/ayomidelawal/Downloads/yinlade dental/clinic-app/node_modules/lru.min': '/Users/ayomidelawal/Downloads/yinlade dental/clinic-app/node_modules/.lru.min-MiMlE7UP',
269 silly reify   '/Users/ayomidelawal/Downloads/yinlade dental/clinic-app/node_modules/mysql2': '/Users/ayomidelawal/Downloads/yinlade dental/clinic-app/node_modules/.mysql2-nCRQTsRZ',
269 silly reify   '/Users/ayomidelawal/Downloads/yinlade dental/clinic-app/node_modules/named-placeholders': '/Users/ayomidelawal/Downloads/yinlade dental/clinic-app/node_modules/.named-placeholders-9tNkH1ID',
269 silly reify   '/Users/ayomidelawal/Downloads/yinlade dental/clinic-app/node_modules/postgres': '/Users/ayomidelawal/Downloads/yinlade dental/clinic-app/node_modules/.postgres-bGUYsJc1',
269 silly reify   '/Users/ayomidelawal/Downloads/yinlade dental/clinic-app/node_modules/prisma': '/Users/ayomidelawal/Downloads/yinlade dental/clinic-app/node_modules/.prisma-dVFV8Yon',
269 silly reify   '/Users/ayomidelawal/Downloads/yinlade dental/clinic-app/node_modules/.bin/prisma': '/Users/ayomidelawal/Downloads/yinlade dental/clinic-app/node_modules/.bin/.prisma-d55VxHyn',
269 silly reify   '/Users/ayomidelawal/Downloads/yinlade dental/clinic-app/node_modules/regexp-to-ast': '/Users/ayomidelawal/Downloads/yinlade dental/clinic-app/node_modules/.regexp-to-ast-acXzPqPY',
269 silly reify   '/Users/ayomidelawal/Downloads/yinlade dental/clinic-app/node_modules/remeda': '/Users/ayomidelawal/Downloads/yinlade dental/clinic-app/node_modules/.remeda-gyokZMwa',
269 silly reify   '/Users/ayomidelawal/Downloads/yinlade dental/clinic-app/node_modules/retry': '/Users/ayomidelawal/Downloads/yinlade dental/clinic-app/node_modules/.retry-Ug0CofBN',
269 silly reify   '/Users/ayomidelawal/Downloads/yinlade dental/clinic-app/node_modules/proper-lockfile': '/Users/ayomidelawal/Downloads/yinlade dental/clinic-app/node_modules/.proper-lockfile-MlLZyOby',
269 silly reify   '/Users/ayomidelawal/Downloads/yinlade dental/clinic-app/node_modules/safer-buffer': '/Users/ayomidelawal/Downloads/yinlade dental/clinic-app/node_modules/.safer-buffer-ZyaCrj8D',
269 silly reify   '/Users/ayomidelawal/Downloads/yinlade dental/clinic-app/node_modules/seq-queue': '/Users/ayomidelawal/Downloads/yinlade dental/clinic-app/node_modules/.seq-queue-1RIeGfOg',
269 silly reify   '/Users/ayomidelawal/Downloads/yinlade dental/clinic-app/node_modules/sqlstring': '/Users/ayomidelawal/Downloads/yinlade dental/clinic-app/node_modules/.sqlstring-2pryqQtr',
269 silly reify   '/Users/ayomidelawal/Downloads/yinlade dental/clinic-app/node_modules/std-env': '/Users/ayomidelawal/Downloads/yinlade dental/clinic-app/node_modules/.std-env-auQwXBu0',
269 silly reify   '/Users/ayomidelawal/Downloads/yinlade dental/clinic-app/node_modules/signal-exit': '/Users/ayomidelawal/Downloads/yinlade dental/clinic-app/node_modules/.signal-exit-RZseCoUD',
269 silly reify   '/Users/ayomidelawal/Downloads/yinlade dental/clinic-app/node_modules/valibot': '/Users/ayomidelawal/Downloads/yinlade dental/clinic-app/node_modules/.valibot-5oZuB7JD',
269 silly reify   '/Users/ayomidelawal/Downloads/yinlade dental/clinic-app/node_modules/zeptomatch': '/Users/ayomidelawal/Downloads/yinlade dental/clinic-app/node_modules/.zeptomatch-M7wSVeLb',
269 silly reify   '/Users/ayomidelawal/Downloads/yinlade dental/clinic-app/node_modules/@chevrotain/cst-dts-gen': '/Users/ayomidelawal/Downloads/yinlade dental/clinic-app/node_modules/@chevrotain/.cst-dts-gen-pILUggyl',
269 silly reify   '/Users/ayomidelawal/Downloads/yinlade dental/clinic-app/node_modules/@chevrotain/gast': '/Users/ayomidelawal/Downloads/yinlade dental/clinic-app/node_modules/@chevrotain/.gast-F2fkCJEM',
269 silly reify   '/Users/ayomidelawal/Downloads/yinlade dental/clinic-app/node_modules/@chevrotain/utils': '/Users/ayomidelawal/Downloads/yinlade dental/clinic-app/node_modules/@chevrotain/.utils-WBOrLC9n',
269 silly reify   '/Users/ayomidelawal/Downloads/yinlade dental/clinic-app/node_modules/@hono/node-server': '/Users/ayomidelawal/Downloads/yinlade dental/clinic-app/node_modules/@hono/.node-server-6wPvK5th',
269 silly reify   '/Users/ayomidelawal/Downloads/yinlade dental/clinic-app/node_modules/@electric-sql/pglite': '/Users/ayomidelawal/Downloads/yinlade dental/clinic-app/node_modules/@electric-sql/.pglite-gnxhupxU',
269 silly reify   '/Users/ayomidelawal/Downloads/yinlade dental/clinic-app/node_modules/@electric-sql/pglite-tools': '/Users/ayomidelawal/Downloads/yinlade dental/clinic-app/node_modules/@electric-sql/.pglite-tools-XEK69YWT',
269 silly reify   '/Users/ayomidelawal/Downloads/yinlade dental/clinic-app/node_modules/@electric-sql/pglite-socket': '/Users/ayomidelawal/Downloads/yinlade dental/clinic-app/node_modules/@electric-sql/.pglite-socket-F2GdUYdq',
269 silly reify   '/Users/ayomidelawal/Downloads/yinlade dental/clinic-app/node_modules/.bin/pglite-server': '/Users/ayomidelawal/Downloads/yinlade dental/clinic-app/node_modules/.bin/.pglite-server-31yHA0hs',
269 silly reify   '/Users/ayomidelawal/Downloads/yinlade dental/clinic-app/node_modules/@chevrotain/types': '/Users/ayomidelawal/Downloads/yinlade dental/clinic-app/node_modules/@chevrotain/.types-f7RkpW3W',
269 silly reify   '/Users/ayomidelawal/Downloads/yinlade dental/clinic-app/node_modules/@prisma/client-runtime-utils': '/Users/ayomidelawal/Downloads/yinlade dental/clinic-app/node_modules/@prisma/.client-runtime-utils-t2Jn7Q7T',
269 silly reify   '/Users/ayomidelawal/Downloads/yinlade dental/clinic-app/node_modules/@prisma/client': '/Users/ayomidelawal/Downloads/yinlade dental/clinic-app/node_modules/@prisma/.client-z6vKzKOl',
269 silly reify   '/Users/ayomidelawal/Downloads/yinlade dental/clinic-app/node_modules/@prisma/debug': '/Users/ayomidelawal/Downloads/yinlade dental/clinic-app/node_modules/@prisma/.debug-65qd3xJJ',
269 silly reify   '/Users/ayomidelawal/Downloads/yinlade dental/clinic-app/node_modules/@prisma/config': '/Users/ayomidelawal/Downloads/yinlade dental/clinic-app/node_modules/@prisma/.config-7GJJFcN6',
269 silly reify   '/Users/ayomidelawal/Downloads/yinlade dental/clinic-app/node_modules/@prisma/engines-version': '/Users/ayomidelawal/Downloads/yinlade dental/clinic-app/node_modules/@prisma/.engines-version-wxFtqUtu',
269 silly reify   '/Users/ayomidelawal/Downloads/yinlade dental/clinic-app/node_modules/@prisma/dev': '/Users/ayomidelawal/Downloads/yinlade dental/clinic-app/node_modules/@prisma/.dev-4DyXb1cA',
269 silly reify   '/Users/ayomidelawal/Downloads/yinlade dental/clinic-app/node_modules/@prisma/engines': '/Users/ayomidelawal/Downloads/yinlade dental/clinic-app/node_modules/@prisma/.engines-NKBO3eVm',
269 silly reify   '/Users/ayomidelawal/Downloads/yinlade dental/clinic-app/node_modules/@prisma/fetch-engine': '/Users/ayomidelawal/Downloads/yinlade dental/clinic-app/node_modules/@prisma/.fetch-engine-EPAQoFLi',
269 silly reify   '/Users/ayomidelawal/Downloads/yinlade dental/clinic-app/node_modules/@prisma/get-platform': '/Users/ayomidelawal/Downloads/yinlade dental/clinic-app/node_modules/@prisma/.get-platform-jGnBFxmB',
269 silly reify   '/Users/ayomidelawal/Downloads/yinlade dental/clinic-app/node_modules/@prisma/query-plan-executor': '/Users/ayomidelawal/Downloads/yinlade dental/clinic-app/node_modules/@prisma/.query-plan-executor-NkaO787y',
269 silly reify   '/Users/ayomidelawal/Downloads/yinlade dental/clinic-app/node_modules/@mrleebo/prisma-ast': '/Users/ayomidelawal/Downloads/yinlade dental/clinic-app/node_modules/@mrleebo/.prisma-ast-n2ZPleml',
269 silly reify   '/Users/ayomidelawal/Downloads/yinlade dental/clinic-app/node_modules/@prisma/studio-core': '/Users/ayomidelawal/Downloads/yinlade dental/clinic-app/node_modules/@prisma/.studio-core-WaIDrL5y'
269 silly reify }
270 silly audit bulk request {
270 silly audit   '@babel/code-frame': [ '7.29.0' ],
270 silly audit   '@babel/compat-data': [ '7.29.0' ],
270 silly audit   '@babel/core': [ '7.29.0' ],
270 silly audit   json5: [ '2.2.3', '1.0.2' ],
270 silly audit   semver: [ '6.3.1', '7.7.4' ],
270 silly audit   '@babel/generator': [ '7.29.1' ],
270 silly audit   '@babel/helper-compilation-targets': [ '7.28.6' ],
270 silly audit   '@babel/helper-globals': [ '7.28.0' ],
270 silly audit   '@babel/helper-module-imports': [ '7.28.6' ],
270 silly audit   '@babel/helper-module-transforms': [ '7.28.6' ],
270 silly audit   '@babel/helper-string-parser': [ '7.27.1' ],
270 silly audit   '@babel/helper-validator-identifier': [ '7.28.5' ],
270 silly audit   '@babel/helper-validator-option': [ '7.27.1' ],
270 silly audit   '@babel/helpers': [ '7.29.2' ],
270 silly audit   '@babel/parser': [ '7.29.2' ],
270 silly audit   '@babel/template': [ '7.28.6' ],
270 silly audit   '@babel/traverse': [ '7.29.0' ],
270 silly audit   '@babel/types': [ '7.29.0' ],
270 silly audit   '@cspotcode/source-map-support': [ '0.8.1' ],
270 silly audit   '@jridgewell/trace-mapping': [ '0.3.9', '0.3.31' ],
270 silly audit   '@emnapi/core': [ '1.9.1' ],
270 silly audit   '@emnapi/runtime': [ '1.9.1' ],
270 silly audit   '@emnapi/wasi-threads': [ '1.2.0' ],
270 silly audit   '@eslint-community/eslint-utils': [ '4.9.1' ],
270 silly audit   'eslint-visitor-keys': [ '3.4.3', '5.0.1' ],
270 silly audit   '@eslint-community/regexpp': [ '4.12.2' ],
270 silly audit   '@eslint/config-array': [ '0.23.3' ],
270 silly audit   '@eslint/config-helpers': [ '0.5.3' ],
270 silly audit   '@eslint/core': [ '1.1.1' ],
270 silly audit   '@eslint/object-schema': [ '3.0.3' ],
270 silly audit   '@eslint/plugin-kit': [ '0.6.1' ],
270 silly audit   '@humanfs/core': [ '0.19.1' ],
270 silly audit   '@humanfs/node': [ '0.16.7' ],
270 silly audit   '@humanwhocodes/module-importer': [ '1.0.1' ],
270 silly audit   '@humanwhocodes/retry': [ '0.4.3' ],
270 silly audit   '@img/colour': [ '1.1.0' ],
270 silly audit   '@img/sharp-darwin-arm64': [ '0.34.5' ],
270 silly audit   '@img/sharp-darwin-x64': [ '0.34.5' ],
270 silly audit   '@img/sharp-libvips-darwin-arm64': [ '1.2.4' ],
270 silly audit   '@img/sharp-libvips-darwin-x64': [ '1.2.4' ],
270 silly audit   '@img/sharp-libvips-linux-arm': [ '1.2.4' ],
270 silly audit   '@img/sharp-libvips-linux-arm64': [ '1.2.4' ],
270 silly audit   '@img/sharp-libvips-linux-ppc64': [ '1.2.4' ],
270 silly audit   '@img/sharp-libvips-linux-riscv64': [ '1.2.4' ],
270 silly audit   '@img/sharp-libvips-linux-s390x': [ '1.2.4' ],
270 silly audit   '@img/sharp-libvips-linux-x64': [ '1.2.4' ],
270 silly audit   '@img/sharp-libvips-linuxmusl-arm64': [ '1.2.4' ],
270 silly audit   '@img/sharp-libvips-linuxmusl-x64': [ '1.2.4' ],
270 silly audit   '@img/sharp-linux-arm': [ '0.34.5' ],
270 silly audit   '@img/sharp-linux-arm64': [ '0.34.5' ],
270 silly audit   '@img/sharp-linux-ppc64': [ '0.34.5' ],
270 silly audit   '@img/sharp-linux-riscv64': [ '0.34.5' ],
270 silly audit   '@img/sharp-linux-s390x': [ '0.34.5' ],
270 silly audit   '@img/sharp-linux-x64': [ '0.34.5' ],
270 silly audit   '@img/sharp-linuxmusl-arm64': [ '0.34.5' ],
270 silly audit   '@img/sharp-linuxmusl-x64': [ '0.34.5' ],
270 silly audit   '@img/sharp-wasm32': [ '0.34.5' ],
270 silly audit   '@img/sharp-win32-arm64': [ '0.34.5' ],
270 silly audit   '@img/sharp-win32-ia32': [ '0.34.5' ],
270 silly audit   '@img/sharp-win32-x64': [ '0.34.5' ],
270 silly audit   '@jridgewell/gen-mapping': [ '0.3.13' ],
270 silly audit   '@jridgewell/remapping': [ '2.3.5' ],
270 silly audit   '@jridgewell/resolve-uri': [ '3.1.2' ],
270 silly audit   '@jridgewell/sourcemap-codec': [ '1.5.5' ],
270 silly audit   '@napi-rs/wasm-runtime': [ '0.2.12' ],
270 silly audit   '@next/env': [ '16.2.0' ],
270 silly audit   '@next/eslint-plugin-next': [ '16.2.0' ],
270 silly audit   '@next/swc-darwin-arm64': [ '16.2.0' ],
270 silly audit   '@next/swc-darwin-x64': [ '16.2.0' ],
270 silly audit   '@next/swc-linux-arm64-gnu': [ '16.2.0' ],
270 silly audit   '@next/swc-linux-arm64-musl': [ '16.2.0' ],
270 silly audit   '@next/swc-linux-x64-gnu': [ '16.2.0' ],
270 silly audit   '@next/swc-linux-x64-musl': [ '16.2.0' ],
270 silly audit   '@next/swc-win32-arm64-msvc': [ '16.2.0' ],
270 silly audit   '@next/swc-win32-x64-msvc': [ '16.2.0' ],
270 silly audit   '@nodelib/fs.scandir': [ '2.1.5' ],
270 silly audit   '@nodelib/fs.stat': [ '2.0.5' ],
270 silly audit   '@nodelib/fs.walk': [ '1.2.8' ],
270 silly audit   '@nolyfill/is-core-module': [ '1.0.39' ],
270 silly audit   '@rtsao/scc': [ '1.1.0' ],
270 silly audit   '@swc/helpers': [ '0.5.15' ],
270 silly audit   '@tsconfig/node10': [ '1.0.12' ],
270 silly audit   '@tsconfig/node12': [ '1.0.11' ],
270 silly audit   '@tsconfig/node14': [ '1.0.3' ],
270 silly audit   '@tsconfig/node16': [ '1.0.4' ],
270 silly audit   '@tybys/wasm-util': [ '0.10.1' ],
270 silly audit   '@types/bcryptjs': [ '2.4.6' ],
270 silly audit   '@types/esrecurse': [ '4.3.1' ],
270 silly audit   '@types/estree': [ '1.0.8' ],
270 silly audit   '@types/json-schema': [ '7.0.15' ],
270 silly audit   '@types/json5': [ '0.0.29' ],
270 silly audit   '@types/jsonwebtoken': [ '9.0.10' ],
270 silly audit   '@types/ms': [ '2.1.0' ],
270 silly audit   '@types/node': [ '25.5.0' ],
270 silly audit   '@types/react': [ '19.2.14' ],
270 silly audit   '@types/react-dom': [ '19.2.3' ],
270 silly audit   '@typescript-eslint/eslint-plugin': [ '8.57.1' ],
270 silly audit   ignore: [ '7.0.5', '5.3.2' ],
270 silly audit   '@typescript-eslint/parser': [ '8.57.1' ],
270 silly audit   '@typescript-eslint/project-service': [ '8.57.1' ],
270 silly audit   '@typescript-eslint/scope-manager': [ '8.57.1' ],
270 silly audit   '@typescript-eslint/tsconfig-utils': [ '8.57.1' ],
270 silly audit   '@typescript-eslint/type-utils': [ '8.57.1' ],
270 silly audit   '@typescript-eslint/types': [ '8.57.1' ],
270 silly audit   '@typescript-eslint/typescript-estree': [ '8.57.1' ],
270 silly audit   '@typescript-eslint/utils': [ '8.57.1' ],
270 silly audit   '@typescript-eslint/visitor-keys': [ '8.57.1' ],
270 silly audit   '@unrs/resolver-binding-android-arm-eabi': [ '1.11.1' ],
270 silly audit   '@unrs/resolver-binding-android-arm64': [ '1.11.1' ],
270 silly audit   '@unrs/resolver-binding-darwin-arm64': [ '1.11.1' ],
270 silly audit   '@unrs/resolver-binding-darwin-x64': [ '1.11.1' ],
270 silly audit   '@unrs/resolver-binding-freebsd-x64': [ '1.11.1' ],
270 silly audit   '@unrs/resolver-binding-linux-arm-gnueabihf': [ '1.11.1' ],
270 silly audit   '@unrs/resolver-binding-linux-arm-musleabihf': [ '1.11.1' ],
270 silly audit   '@unrs/resolver-binding-linux-arm64-gnu': [ '1.11.1' ],
270 silly audit   '@unrs/resolver-binding-linux-arm64-musl': [ '1.11.1' ],
270 silly audit   '@unrs/resolver-binding-linux-ppc64-gnu': [ '1.11.1' ],
270 silly audit   '@unrs/resolver-binding-linux-riscv64-gnu': [ '1.11.1' ],
270 silly audit   '@unrs/resolver-binding-linux-riscv64-musl': [ '1.11.1' ],
270 silly audit   '@unrs/resolver-binding-linux-s390x-gnu': [ '1.11.1' ],
270 silly audit   '@unrs/resolver-binding-linux-x64-gnu': [ '1.11.1' ],
270 silly audit   '@unrs/resolver-binding-linux-x64-musl': [ '1.11.1' ],
270 silly audit   '@unrs/resolver-binding-wasm32-wasi': [ '1.11.1' ],
270 silly audit   '@unrs/resolver-binding-win32-arm64-msvc': [ '1.11.1' ],
270 silly audit   '@unrs/resolver-binding-win32-ia32-msvc': [ '1.11.1' ],
270 silly audit   '@unrs/resolver-binding-win32-x64-msvc': [ '1.11.1' ],
270 silly audit   acorn: [ '8.16.0' ],
270 silly audit   'acorn-jsx': [ '5.3.2' ],
270 silly audit   'acorn-walk': [ '8.3.5' ],
270 silly audit   ajv: [ '6.14.0' ],
270 silly audit   arg: [ '4.1.3' ],
270 silly audit   'aria-query': [ '5.3.2' ],
270 silly audit   'array-buffer-byte-length': [ '1.0.2' ],
270 silly audit   'array-includes': [ '3.1.9' ],
270 silly audit   'array.prototype.findlast': [ '1.2.5' ],
270 silly audit   'array.prototype.findlastindex': [ '1.2.6' ],
270 silly audit   'array.prototype.flat': [ '1.3.3' ],
270 silly audit   'array.prototype.flatmap': [ '1.3.3' ],
270 silly audit   'array.prototype.tosorted': [ '1.1.4' ],
270 silly audit   'arraybuffer.prototype.slice': [ '1.0.4' ],
270 silly audit   'ast-types-flow': [ '0.0.8' ],
270 silly audit   'async-function': [ '1.0.0' ],
270 silly audit   'available-typed-arrays': [ '1.0.7' ],
270 silly audit   'axe-core': [ '4.11.1' ],
270 silly audit   'axobject-query': [ '4.1.0' ],
270 silly audit   'balanced-match': [ '4.0.4', '1.0.2' ],
270 silly audit   'baseline-browser-mapping': [ '2.10.9' ],
270 silly audit   bcryptjs: [ '3.0.3' ],
270 silly audit   'brace-expansion': [ '5.0.4', '1.1.12' ],
270 silly audit   braces: [ '3.0.3' ],
270 silly audit   browserslist: [ '4.28.1' ],
270 silly audit   'buffer-equal-constant-time': [ '1.0.1' ],
270 silly audit   'call-bind': [ '1.0.8' ],
270 silly audit   'call-bind-apply-helpers': [ '1.0.2' ],
270 silly audit   'call-bound': [ '1.0.4' ],
270 silly audit   'caniuse-lite': [ '1.0.30001780' ],
270 silly audit   'client-only': [ '0.0.1' ],
270 silly audit   'concat-map': [ '0.0.1' ],
270 silly audit   'convert-source-map': [ '2.0.0' ],
270 silly audit   cookie: [ '1.1.1' ],
270 silly audit   'create-require': [ '1.1.1' ],
270 silly audit   'cross-spawn': [ '7.0.6' ],
270 silly audit   csstype: [ '3.2.3' ],
270 silly audit   'damerau-levenshtein': [ '1.0.8' ],
270 silly audit   'data-view-buffer': [ '1.0.2' ],
270 silly audit   'data-view-byte-length': [ '1.0.2' ],
270 silly audit   'data-view-byte-offset': [ '1.0.1' ],
270 silly audit   debug: [ '4.4.3', '3.2.7' ],
270 silly audit   'deep-is': [ '0.1.4' ],
270 silly audit   'define-data-property': [ '1.1.4' ],
270 silly audit   'define-properties': [ '1.2.1' ],
270 silly audit   'detect-libc': [ '2.1.2' ],
270 silly audit   diff: [ '4.0.4' ],
270 silly audit   doctrine: [ '2.1.0' ],
270 silly audit   'dunder-proto': [ '1.0.1' ],
270 silly audit   'ecdsa-sig-formatter': [ '1.0.11' ],
270 silly audit   'electron-to-chromium': [ '1.5.321' ],
270 silly audit   'emoji-regex': [ '9.2.2' ],
270 silly audit   'es-abstract': [ '1.24.1' ],
270 silly audit   'es-define-property': [ '1.0.1' ],
270 silly audit   'es-errors': [ '1.3.0' ],
270 silly audit   'es-iterator-helpers': [ '1.3.1' ],
270 silly audit   'es-object-atoms': [ '1.1.1' ],
270 silly audit   'es-set-tostringtag': [ '2.1.0' ],
270 silly audit   'es-shim-unscopables': [ '1.1.0' ],
270 silly audit   'es-to-primitive': [ '1.3.0' ],
270 silly audit   escalade: [ '3.2.0' ],
270 silly audit   'escape-string-regexp': [ '4.0.0' ],
270 silly audit   eslint: [ '10.0.3' ],
270 silly audit   'eslint-config-next': [ '16.2.0' ],
270 silly audit   'eslint-import-resolver-typescript': [ '3.10.1' ],
270 silly audit   'eslint-plugin-import': [ '2.32.0' ],
270 silly audit   'eslint-plugin-jsx-a11y': [ '6.10.2' ],
270 silly audit   'eslint-plugin-react': [ '7.37.5' ],
270 silly audit   'eslint-plugin-react-hooks': [ '7.0.1' ],
270 silly audit   minimatch: [ '3.1.5', '10.2.4' ],
270 silly audit   resolve: [ '2.0.0-next.6', '1.22.11' ],
270 silly audit   'eslint-import-resolver-node': [ '0.3.9' ],
270 silly audit   'eslint-module-utils': [ '2.12.1' ],
270 silly audit   'eslint-scope': [ '9.1.2' ],
270 silly audit   espree: [ '11.2.0' ],
270 silly audit   esquery: [ '1.7.0' ],
270 silly audit   esrecurse: [ '4.3.0' ],
270 silly audit   estraverse: [ '5.3.0' ],
270 silly audit   esutils: [ '2.0.3' ],
270 silly audit   'fast-deep-equal': [ '3.1.3' ],
270 silly audit   'fast-glob': [ '3.3.1' ],
270 silly audit   'glob-parent': [ '5.1.2', '6.0.2' ],
270 silly audit   'fast-json-stable-stringify': [ '2.1.0' ],
270 silly audit   'fast-levenshtein': [ '2.0.6' ],
270 silly audit   fastq: [ '1.20.1' ],
270 silly audit   'file-entry-cache': [ '8.0.0' ],
270 silly audit   'fill-range': [ '7.1.1' ],
270 silly audit   'find-up': [ '5.0.0' ],
270 silly audit   'flat-cache': [ '4.0.1' ],
270 silly audit   flatted: [ '3.4.2' ],
270 silly audit   'for-each': [ '0.3.5' ],
270 silly audit   'function-bind': [ '1.1.2' ],
270 silly audit   'function.prototype.name': [ '1.1.8' ],
270 silly audit   'functions-have-names': [ '1.2.3' ],
270 silly audit   'generator-function': [ '2.0.1' ],
270 silly audit   gensync: [ '1.0.0-beta.2' ],
270 silly audit   'get-intrinsic': [ '1.3.0' ],
270 silly audit   'get-proto': [ '1.0.1' ],
270 silly audit   'get-symbol-description': [ '1.1.0' ],
270 silly audit   'get-tsconfig': [ '4.13.6' ],
270 silly audit   globals: [ '16.4.0' ],
270 silly audit   globalthis: [ '1.0.4' ],
270 silly audit   gopd: [ '1.2.0' ],
270 silly audit   'has-bigints': [ '1.1.0' ],
270 silly audit   'has-property-descriptors': [ '1.0.2' ],
270 silly audit   'has-proto': [ '1.2.0' ],
270 silly audit   'has-symbols': [ '1.1.0' ],
270 silly audit   'has-tostringtag': [ '1.0.2' ],
270 silly audit   hasown: [ '2.0.2' ],
270 silly audit   'hermes-estree': [ '0.25.1' ],
270 silly audit   'hermes-parser': [ '0.25.1' ],
270 silly audit   imurmurhash: [ '0.1.4' ],
270 silly audit   'internal-slot': [ '1.1.0' ],
270 silly audit   'is-array-buffer': [ '3.0.5' ],
270 silly audit   'is-async-function': [ '2.1.1' ],
270 silly audit   'is-bigint': [ '1.1.0' ],
270 silly audit   'is-boolean-object': [ '1.2.2' ],
270 silly audit   'is-bun-module': [ '2.0.0' ],
270 silly audit   'is-callable': [ '1.2.7' ],
270 silly audit   'is-core-module': [ '2.16.1' ],
270 silly audit   'is-data-view': [ '1.0.2' ],
270 silly audit   'is-date-object': [ '1.1.0' ],
270 silly audit   'is-extglob': [ '2.1.1' ],
270 silly audit   'is-finalizationregistry': [ '1.1.1' ],
270 silly audit   'is-generator-function': [ '1.1.2' ],
270 silly audit   'is-glob': [ '4.0.3' ],
270 silly audit   'is-map': [ '2.0.3' ],
270 silly audit   'is-negative-zero': [ '2.0.3' ],
270 silly audit   'is-number': [ '7.0.0' ],
270 silly audit   'is-number-object': [ '1.1.1' ],
270 silly audit   'is-regex': [ '1.2.1' ],
270 silly audit   'is-set': [ '2.0.3' ],
270 silly audit   'is-shared-array-buffer': [ '1.0.4' ],
270 silly audit   'is-string': [ '1.1.1' ],
270 silly audit   'is-symbol': [ '1.1.1' ],
270 silly audit   'is-typed-array': [ '1.1.15' ],
270 silly audit   'is-weakmap': [ '2.0.2' ],
270 silly audit   'is-weakref': [ '1.1.1' ],
270 silly audit   'is-weakset': [ '2.0.4' ],
270 silly audit   isarray: [ '2.0.5' ],
270 silly audit   isexe: [ '2.0.0' ],
270 silly audit   'iterator.prototype': [ '1.1.5' ],
270 silly audit   jiti: [ '2.6.1' ],
270 silly audit   'js-tokens': [ '4.0.0' ],
270 silly audit   jsesc: [ '3.1.0' ],
270 silly audit   'json-buffer': [ '3.0.1' ],
270 silly audit   'json-schema-traverse': [ '0.4.1' ],
270 silly audit   'json-stable-stringify-without-jsonify': [ '1.0.1' ],
270 silly audit   jsonwebtoken: [ '9.0.3' ],
270 silly audit   'jsx-ast-utils': [ '3.3.5' ],
270 silly audit   jwa: [ '2.0.1' ],
270 silly audit   jws: [ '4.0.1' ],
270 silly audit   keyv: [ '4.5.4' ],
270 silly audit   'language-subtag-registry': [ '0.3.23' ],
270 silly audit   'language-tags': [ '1.0.9' ],
270 silly audit   levn: [ '0.4.1' ],
270 silly audit   'locate-path': [ '6.0.0' ],
270 silly audit   'lodash.includes': [ '4.3.0' ],
270 silly audit   'lodash.isboolean': [ '3.0.3' ],
270 silly audit   'lodash.isinteger': [ '4.0.4' ],
270 silly audit   'lodash.isnumber': [ '3.0.3' ],
270 silly audit   'lodash.isplainobject': [ '4.0.6' ],
270 silly audit   'lodash.isstring': [ '4.0.1' ],
270 silly audit   'lodash.once': [ '4.1.1' ],
270 silly audit   'loose-envify': [ '1.4.0' ],
270 silly audit   'lru-cache': [ '5.1.1' ],
270 silly audit   'make-error': [ '1.3.6' ],
270 silly audit   'math-intrinsics': [ '1.1.0' ],
270 silly audit   merge2: [ '1.4.1' ],
270 silly audit   micromatch: [ '4.0.8' ],
270 silly audit   minimist: [ '1.2.8' ],
270 silly audit   ms: [ '2.1.3' ],
270 silly audit   nanoid: [ '3.3.11' ],
270 silly audit   'napi-postinstall': [ '0.3.4' ],
270 silly audit   'natural-compare': [ '1.4.0' ],
270 silly audit   next: [ '16.2.0' ],
270 silly audit   'node-exports-info': [ '1.6.0' ],
270 silly audit   'node-releases': [ '2.0.36' ],
270 silly audit   'object-assign': [ '4.1.1' ],
270 silly audit   'object-inspect': [ '1.13.4' ],
270 silly audit   'object-keys': [ '1.1.1' ],
270 silly audit   'object.assign': [ '4.1.7' ],
270 silly audit   'object.entries': [ '1.1.9' ],
270 silly audit   'object.fromentries': [ '2.0.8' ],
270 silly audit   'object.groupby': [ '1.0.3' ],
270 silly audit   'object.values': [ '1.2.1' ],
270 silly audit   optionator: [ '0.9.4' ],
270 silly audit   'own-keys': [ '1.0.1' ],
270 silly audit   'p-limit': [ '3.1.0' ],
270 silly audit   'p-locate': [ '5.0.0' ],
270 silly audit   'path-exists': [ '4.0.0' ],
270 silly audit   'path-key': [ '3.1.1' ],
270 silly audit   'path-parse': [ '1.0.7' ],
270 silly audit   picocolors: [ '1.1.1' ],
270 silly audit   picomatch: [ '2.3.1', '4.0.3' ],
270 silly audit   'possible-typed-array-names': [ '1.1.0' ],
270 silly audit   postcss: [ '8.4.31' ],
270 silly audit   'prelude-ls': [ '1.2.1' ],
270 silly audit   'prop-types': [ '15.8.1' ],
270 silly audit   punycode: [ '2.3.1' ],
270 silly audit   'queue-microtask': [ '1.2.3' ],
270 silly audit   react: [ '19.2.4' ],
270 silly audit   'react-dom': [ '19.2.4' ],
270 silly audit   'react-is': [ '16.13.1' ],
270 silly audit   'reflect.getprototypeof': [ '1.0.10' ],
270 silly audit   'regexp.prototype.flags': [ '1.5.4' ],
270 silly audit   'resolve-pkg-maps': [ '1.0.0' ],
270 silly audit   reusify: [ '1.1.0' ],
270 silly audit   'run-parallel': [ '1.2.0' ],
270 silly audit   'safe-array-concat': [ '1.1.3' ],
270 silly audit   'safe-buffer': [ '5.2.1' ],
270 silly audit   'safe-push-apply': [ '1.0.0' ],
270 silly audit   'safe-regex-test': [ '1.1.0' ],
270 silly audit   scheduler: [ '0.27.0' ],
270 silly audit   'set-function-length': [ '1.2.2' ],
270 silly audit   'set-function-name': [ '2.0.2' ],
270 silly audit   'set-proto': [ '1.0.0' ],
270 silly audit   sharp: [ '0.34.5' ],
270 silly audit   'shebang-command': [ '2.0.0' ],
270 silly audit   'shebang-regex': [ '3.0.0' ],
270 silly audit   'side-channel': [ '1.1.0' ],
270 silly audit   'side-channel-list': [ '1.0.0' ],
270 silly audit   'side-channel-map': [ '1.0.1' ],
270 silly audit   'side-channel-weakmap': [ '1.0.2' ],
270 silly audit   'source-map-js': [ '1.2.1' ],
270 silly audit   'stable-hash': [ '0.0.5' ],
270 silly audit   'stop-iteration-iterator': [ '1.1.0' ],
270 silly audit   'string.prototype.includes': [ '2.0.1' ],
270 silly audit   'string.prototype.matchall': [ '4.0.12' ],
270 silly audit   'string.prototype.repeat': [ '1.0.0' ],
270 silly audit   'string.prototype.trim': [ '1.2.10' ],
270 silly audit   'string.prototype.trimend': [ '1.0.9' ],
270 silly audit   'string.prototype.trimstart': [ '1.0.8' ],
270 silly audit   'strip-bom': [ '3.0.0' ],
270 silly audit   'styled-jsx': [ '5.1.6' ],
270 silly audit   'supports-preserve-symlinks-flag': [ '1.0.0' ],
270 silly audit   tinyglobby: [ '0.2.15' ],
270 silly audit   fdir: [ '6.5.0' ],
270 silly audit   'to-regex-range': [ '5.0.1' ],
270 silly audit   'ts-api-utils': [ '2.5.0' ],
270 silly audit   'ts-node': [ '10.9.2' ],
270 silly audit   'tsconfig-paths': [ '3.15.0' ],
270 silly audit   tslib: [ '2.8.1' ],
270 silly audit   'type-check': [ '0.4.0' ],
270 silly audit   'typed-array-buffer': [ '1.0.3' ],
270 silly audit   'typed-array-byte-length': [ '1.0.3' ],
270 silly audit   'typed-array-byte-offset': [ '1.0.4' ],
270 silly audit   'typed-array-length': [ '1.0.7' ],
270 silly audit   typescript: [ '5.9.3' ],
270 silly audit   'typescript-eslint': [ '8.57.1' ],
270 silly audit   'unbox-primitive': [ '1.1.0' ],
270 silly audit   'undici-types': [ '7.18.2' ],
270 silly audit   'unrs-resolver': [ '1.11.1' ],
270 silly audit   'update-browserslist-db': [ '1.2.3' ],
270 silly audit   'uri-js': [ '4.4.1' ],
270 silly audit   'v8-compile-cache-lib': [ '3.0.1' ],
270 silly audit   which: [ '2.0.2' ],
270 silly audit   'which-boxed-primitive': [ '1.1.1' ],
270 silly audit   'which-builtin-type': [ '1.2.1' ],
270 silly audit   'which-collection': [ '1.0.2' ],
270 silly audit   'which-typed-array': [ '1.1.20' ],
270 silly audit   'word-wrap': [ '1.2.5' ],
270 silly audit   yallist: [ '3.1.1' ],
270 silly audit   yn: [ '3.1.1' ],
270 silly audit   'yocto-queue': [ '0.1.0' ],
270 silly audit   zod: [ '4.3.6' ],
270 silly audit   'zod-validation-error': [ '4.0.2' ],
270 silly audit   '@prisma/client': [ '6.19.2' ],
270 silly audit   prisma: [ '6.19.2' ],
270 silly audit   '@prisma/config': [ '6.19.2' ],
270 silly audit   '@prisma/engines': [ '6.19.2' ],
270 silly audit   c12: [ '3.1.0' ],
270 silly audit   'deepmerge-ts': [ '7.1.5' ],
270 silly audit   effect: [ '3.18.4' ],
270 silly audit   empathic: [ '2.0.0' ],
270 silly audit   '@prisma/debug': [ '6.19.2' ],
270 silly audit   '@prisma/engines-version': [ '7.1.1-3.c2990dca591cba766e3b7ef5d9e8a84796e47ab7' ],
270 silly audit   '@prisma/fetch-engine': [ '6.19.2' ],
270 silly audit   '@prisma/get-platform': [ '6.19.2' ],
270 silly audit   chokidar: [ '4.0.3' ],
270 silly audit   confbox: [ '0.2.4' ],
270 silly audit   defu: [ '6.1.4' ],
270 silly audit   dotenv: [ '16.6.1' ],
270 silly audit   exsolve: [ '1.0.8' ],
270 silly audit   giget: [ '2.0.0' ],
270 silly audit   ohash: [ '2.0.11' ],
270 silly audit   pathe: [ '2.0.3' ],
270 silly audit   'perfect-debounce': [ '1.0.0' ],
270 silly audit   'pkg-types': [ '2.3.0' ],
270 silly audit   rc9: [ '2.1.2' ],
270 silly audit   readdirp: [ '4.1.2' ],
270 silly audit   '@standard-schema/spec': [ '1.1.0' ],
270 silly audit   'fast-check': [ '3.23.2' ],
270 silly audit   'pure-rand': [ '6.1.0' ],
270 silly audit   citty: [ '0.1.6', '0.2.1' ],
270 silly audit   consola: [ '3.4.2' ],
270 silly audit   'node-fetch-native': [ '1.6.7' ],
270 silly audit   nypm: [ '0.6.5' ],
270 silly audit   tinyexec: [ '1.0.4' ],
270 silly audit   destr: [ '2.0.5' ]
270 silly audit }
271 verbose reify failed optional dependency /Users/ayomidelawal/Downloads/yinlade dental/clinic-app/node_modules/@unrs/resolver-binding-win32-x64-msvc
272 silly reify mark deleted [
272 silly reify   '/Users/ayomidelawal/Downloads/yinlade dental/clinic-app/node_modules/@unrs/resolver-binding-win32-x64-msvc'
272 silly reify ]
273 verbose reify failed optional dependency /Users/ayomidelawal/Downloads/yinlade dental/clinic-app/node_modules/@unrs/resolver-binding-win32-ia32-msvc
274 silly reify mark deleted [
274 silly reify   '/Users/ayomidelawal/Downloads/yinlade dental/clinic-app/node_modules/@unrs/resolver-binding-win32-ia32-msvc'
274 silly reify ]
275 verbose reify failed optional dependency /Users/ayomidelawal/Downloads/yinlade dental/clinic-app/node_modules/@unrs/resolver-binding-win32-arm64-msvc
276 silly reify mark deleted [
276 silly reify   '/Users/ayomidelawal/Downloads/yinlade dental/clinic-app/node_modules/@unrs/resolver-binding-win32-arm64-msvc'
276 silly reify ]
277 verbose reify failed optional dependency /Users/ayomidelawal/Downloads/yinlade dental/clinic-app/node_modules/@unrs/resolver-binding-wasm32-wasi
278 silly reify mark deleted [
278 silly reify   '/Users/ayomidelawal/Downloads/yinlade dental/clinic-app/node_modules/@unrs/resolver-binding-wasm32-wasi'
278 silly reify ]
279 verbose reify failed optional dependency /Users/ayomidelawal/Downloads/yinlade dental/clinic-app/node_modules/@napi-rs/wasm-runtime
280 silly reify mark deleted [
280 silly reify   '/Users/ayomidelawal/Downloads/yinlade dental/clinic-app/node_modules/@napi-rs/wasm-runtime'
280 silly reify ]
281 verbose reify failed optional dependency /Users/ayomidelawal/Downloads/yinlade dental/clinic-app/node_modules/@emnapi/core
282 silly reify mark deleted [
282 silly reify   '/Users/ayomidelawal/Downloads/yinlade dental/clinic-app/node_modules/@emnapi/core'
282 silly reify ]
283 verbose reify failed optional dependency /Users/ayomidelawal/Downloads/yinlade dental/clinic-app/node_modules/@tybys/wasm-util
284 silly reify mark deleted [
284 silly reify   '/Users/ayomidelawal/Downloads/yinlade dental/clinic-app/node_modules/@tybys/wasm-util'
284 silly reify ]
285 verbose reify failed optional dependency /Users/ayomidelawal/Downloads/yinlade dental/clinic-app/node_modules/@emnapi/wasi-threads
286 silly reify mark deleted [
286 silly reify   '/Users/ayomidelawal/Downloads/yinlade dental/clinic-app/node_modules/@emnapi/wasi-threads'
286 silly reify ]
287 verbose reify failed optional dependency /Users/ayomidelawal/Downloads/yinlade dental/clinic-app/node_modules/@unrs/resolver-binding-linux-x64-musl
288 silly reify mark deleted [
288 silly reify   '/Users/ayomidelawal/Downloads/yinlade dental/clinic-app/node_modules/@unrs/resolver-binding-linux-x64-musl'
288 silly reify ]
289 verbose reify failed optional dependency /Users/ayomidelawal/Downloads/yinlade dental/clinic-app/node_modules/@unrs/resolver-binding-linux-x64-gnu
290 silly reify mark deleted [
290 silly reify   '/Users/ayomidelawal/Downloads/yinlade dental/clinic-app/node_modules/@unrs/resolver-binding-linux-x64-gnu'
290 silly reify ]
291 verbose reify failed optional dependency /Users/ayomidelawal/Downloads/yinlade dental/clinic-app/node_modules/@unrs/resolver-binding-linux-s390x-gnu
292 silly reify mark deleted [
292 silly reify   '/Users/ayomidelawal/Downloads/yinlade dental/clinic-app/node_modules/@unrs/resolver-binding-linux-s390x-gnu'
292 silly reify ]
293 verbose reify failed optional dependency /Users/ayomidelawal/Downloads/yinlade dental/clinic-app/node_modules/@unrs/resolver-binding-linux-riscv64-musl
294 silly reify mark deleted [
294 silly reify   '/Users/ayomidelawal/Downloads/yinlade dental/clinic-app/node_modules/@unrs/resolver-binding-linux-riscv64-musl'
294 silly reify ]
295 verbose reify failed optional dependency /Users/ayomidelawal/Downloads/yinlade dental/clinic-app/node_modules/@unrs/resolver-binding-linux-riscv64-gnu
296 silly reify mark deleted [
296 silly reify   '/Users/ayomidelawal/Downloads/yinlade dental/clinic-app/node_modules/@unrs/resolver-binding-linux-riscv64-gnu'
296 silly reify ]
297 verbose reify failed optional dependency /Users/ayomidelawal/Downloads/yinlade dental/clinic-app/node_modules/@unrs/resolver-binding-linux-ppc64-gnu
298 silly reify mark deleted [
298 silly reify   '/Users/ayomidelawal/Downloads/yinlade dental/clinic-app/node_modules/@unrs/resolver-binding-linux-ppc64-gnu'
298 silly reify ]
299 verbose reify failed optional dependency /Users/ayomidelawal/Downloads/yinlade dental/clinic-app/node_modules/@unrs/resolver-binding-linux-arm64-musl
300 silly reify mark deleted [
300 silly reify   '/Users/ayomidelawal/Downloads/yinlade dental/clinic-app/node_modules/@unrs/resolver-binding-linux-arm64-musl'
300 silly reify ]
301 verbose reify failed optional dependency /Users/ayomidelawal/Downloads/yinlade dental/clinic-app/node_modules/@unrs/resolver-binding-linux-arm64-gnu
302 silly reify mark deleted [
302 silly reify   '/Users/ayomidelawal/Downloads/yinlade dental/clinic-app/node_modules/@unrs/resolver-binding-linux-arm64-gnu'
302 silly reify ]
303 verbose reify failed optional dependency /Users/ayomidelawal/Downloads/yinlade dental/clinic-app/node_modules/@unrs/resolver-binding-linux-arm-musleabihf
304 silly reify mark deleted [
304 silly reify   '/Users/ayomidelawal/Downloads/yinlade dental/clinic-app/node_modules/@unrs/resolver-binding-linux-arm-musleabihf'
304 silly reify ]
305 verbose reify failed optional dependency /Users/ayomidelawal/Downloads/yinlade dental/clinic-app/node_modules/@unrs/resolver-binding-linux-arm-gnueabihf
306 silly reify mark deleted [
306 silly reify   '/Users/ayomidelawal/Downloads/yinlade dental/clinic-app/node_modules/@unrs/resolver-binding-linux-arm-gnueabihf'
306 silly reify ]
307 verbose reify failed optional dependency /Users/ayomidelawal/Downloads/yinlade dental/clinic-app/node_modules/@unrs/resolver-binding-freebsd-x64
308 silly reify mark deleted [
308 silly reify   '/Users/ayomidelawal/Downloads/yinlade dental/clinic-app/node_modules/@unrs/resolver-binding-freebsd-x64'
308 silly reify ]
309 verbose reify failed optional dependency /Users/ayomidelawal/Downloads/yinlade dental/clinic-app/node_modules/@unrs/resolver-binding-darwin-x64
310 silly reify mark deleted [
310 silly reify   '/Users/ayomidelawal/Downloads/yinlade dental/clinic-app/node_modules/@unrs/resolver-binding-darwin-x64'
310 silly reify ]
311 verbose reify failed optional dependency /Users/ayomidelawal/Downloads/yinlade dental/clinic-app/node_modules/@unrs/resolver-binding-android-arm64
312 silly reify mark deleted [
312 silly reify   '/Users/ayomidelawal/Downloads/yinlade dental/clinic-app/node_modules/@unrs/resolver-binding-android-arm64'
312 silly reify ]
313 verbose reify failed optional dependency /Users/ayomidelawal/Downloads/yinlade dental/clinic-app/node_modules/@unrs/resolver-binding-android-arm-eabi
314 silly reify mark deleted [
314 silly reify   '/Users/ayomidelawal/Downloads/yinlade dental/clinic-app/node_modules/@unrs/resolver-binding-android-arm-eabi'
314 silly reify ]
315 verbose reify failed optional dependency /Users/ayomidelawal/Downloads/yinlade dental/clinic-app/node_modules/@next/swc-win32-x64-msvc
316 silly reify mark deleted [
316 silly reify   '/Users/ayomidelawal/Downloads/yinlade dental/clinic-app/node_modules/@next/swc-win32-x64-msvc'
316 silly reify ]
317 verbose reify failed optional dependency /Users/ayomidelawal/Downloads/yinlade dental/clinic-app/node_modules/@next/swc-win32-arm64-msvc
318 silly reify mark deleted [
318 silly reify   '/Users/ayomidelawal/Downloads/yinlade dental/clinic-app/node_modules/@next/swc-win32-arm64-msvc'
318 silly reify ]
319 verbose reify failed optional dependency /Users/ayomidelawal/Downloads/yinlade dental/clinic-app/node_modules/@next/swc-linux-x64-musl
320 silly reify mark deleted [
320 silly reify   '/Users/ayomidelawal/Downloads/yinlade dental/clinic-app/node_modules/@next/swc-linux-x64-musl'
320 silly reify ]
321 verbose reify failed optional dependency /Users/ayomidelawal/Downloads/yinlade dental/clinic-app/node_modules/@next/swc-linux-x64-gnu
322 silly reify mark deleted [
322 silly reify   '/Users/ayomidelawal/Downloads/yinlade dental/clinic-app/node_modules/@next/swc-linux-x64-gnu'
322 silly reify ]
323 verbose reify failed optional dependency /Users/ayomidelawal/Downloads/yinlade dental/clinic-app/node_modules/@next/swc-linux-arm64-musl
324 silly reify mark deleted [
324 silly reify   '/Users/ayomidelawal/Downloads/yinlade dental/clinic-app/node_modules/@next/swc-linux-arm64-musl'
324 silly reify ]
325 verbose reify failed optional dependency /Users/ayomidelawal/Downloads/yinlade dental/clinic-app/node_modules/@next/swc-linux-arm64-gnu
326 silly reify mark deleted [
326 silly reify   '/Users/ayomidelawal/Downloads/yinlade dental/clinic-app/node_modules/@next/swc-linux-arm64-gnu'
326 silly reify ]
327 verbose reify failed optional dependency /Users/ayomidelawal/Downloads/yinlade dental/clinic-app/node_modules/@next/swc-darwin-x64
328 silly reify mark deleted [
328 silly reify   '/Users/ayomidelawal/Downloads/yinlade dental/clinic-app/node_modules/@next/swc-darwin-x64'
328 silly reify ]
329 verbose reify failed optional dependency /Users/ayomidelawal/Downloads/yinlade dental/clinic-app/node_modules/@img/sharp-win32-x64
330 silly reify mark deleted [
330 silly reify   '/Users/ayomidelawal/Downloads/yinlade dental/clinic-app/node_modules/@img/sharp-win32-x64'
330 silly reify ]
331 verbose reify failed optional dependency /Users/ayomidelawal/Downloads/yinlade dental/clinic-app/node_modules/@img/sharp-win32-ia32
332 silly reify mark deleted [
332 silly reify   '/Users/ayomidelawal/Downloads/yinlade dental/clinic-app/node_modules/@img/sharp-win32-ia32'
332 silly reify ]
333 verbose reify failed optional dependency /Users/ayomidelawal/Downloads/yinlade dental/clinic-app/node_modules/@img/sharp-win32-arm64
334 silly reify mark deleted [
334 silly reify   '/Users/ayomidelawal/Downloads/yinlade dental/clinic-app/node_modules/@img/sharp-win32-arm64'
334 silly reify ]
335 verbose reify failed optional dependency /Users/ayomidelawal/Downloads/yinlade dental/clinic-app/node_modules/@img/sharp-wasm32
336 silly reify mark deleted [
336 silly reify   '/Users/ayomidelawal/Downloads/yinlade dental/clinic-app/node_modules/@img/sharp-wasm32'
336 silly reify ]
337 verbose reify failed optional dependency /Users/ayomidelawal/Downloads/yinlade dental/clinic-app/node_modules/@img/sharp-linuxmusl-x64
338 silly reify mark deleted [
338 silly reify   '/Users/ayomidelawal/Downloads/yinlade dental/clinic-app/node_modules/@img/sharp-linuxmusl-x64'
338 silly reify ]
339 verbose reify failed optional dependency /Users/ayomidelawal/Downloads/yinlade dental/clinic-app/node_modules/@img/sharp-linuxmusl-arm64
340 silly reify mark deleted [
340 silly reify   '/Users/ayomidelawal/Downloads/yinlade dental/clinic-app/node_modules/@img/sharp-linuxmusl-arm64'
340 silly reify ]
341 verbose reify failed optional dependency /Users/ayomidelawal/Downloads/yinlade dental/clinic-app/node_modules/@img/sharp-linux-x64
342 silly reify mark deleted [
342 silly reify   '/Users/ayomidelawal/Downloads/yinlade dental/clinic-app/node_modules/@img/sharp-linux-x64'
342 silly reify ]
343 verbose reify failed optional dependency /Users/ayomidelawal/Downloads/yinlade dental/clinic-app/node_modules/@img/sharp-linux-s390x
344 silly reify mark deleted [
344 silly reify   '/Users/ayomidelawal/Downloads/yinlade dental/clinic-app/node_modules/@img/sharp-linux-s390x'
344 silly reify ]
345 verbose reify failed optional dependency /Users/ayomidelawal/Downloads/yinlade dental/clinic-app/node_modules/@img/sharp-linux-riscv64
346 silly reify mark deleted [
346 silly reify   '/Users/ayomidelawal/Downloads/yinlade dental/clinic-app/node_modules/@img/sharp-linux-riscv64'
346 silly reify ]
347 verbose reify failed optional dependency /Users/ayomidelawal/Downloads/yinlade dental/clinic-app/node_modules/@img/sharp-linux-ppc64
348 silly reify mark deleted [
348 silly reify   '/Users/ayomidelawal/Downloads/yinlade dental/clinic-app/node_modules/@img/sharp-linux-ppc64'
348 silly reify ]
349 verbose reify failed optional dependency /Users/ayomidelawal/Downloads/yinlade dental/clinic-app/node_modules/@img/sharp-linux-arm64
350 silly reify mark deleted [
350 silly reify   '/Users/ayomidelawal/Downloads/yinlade dental/clinic-app/node_modules/@img/sharp-linux-arm64'
350 silly reify ]
351 verbose reify failed optional dependency /Users/ayomidelawal/Downloads/yinlade dental/clinic-app/node_modules/@img/sharp-linux-arm
352 silly reify mark deleted [
352 silly reify   '/Users/ayomidelawal/Downloads/yinlade dental/clinic-app/node_modules/@img/sharp-linux-arm'
352 silly reify ]
353 verbose reify failed optional dependency /Users/ayomidelawal/Downloads/yinlade dental/clinic-app/node_modules/@img/sharp-libvips-linuxmusl-x64
354 silly reify mark deleted [
354 silly reify   '/Users/ayomidelawal/Downloads/yinlade dental/clinic-app/node_modules/@img/sharp-libvips-linuxmusl-x64'
354 silly reify ]
355 verbose reify failed optional dependency /Users/ayomidelawal/Downloads/yinlade dental/clinic-app/node_modules/@img/sharp-libvips-linuxmusl-arm64
356 silly reify mark deleted [
356 silly reify   '/Users/ayomidelawal/Downloads/yinlade dental/clinic-app/node_modules/@img/sharp-libvips-linuxmusl-arm64'
356 silly reify ]
357 verbose reify failed optional dependency /Users/ayomidelawal/Downloads/yinlade dental/clinic-app/node_modules/@img/sharp-libvips-linux-x64
358 silly reify mark deleted [
358 silly reify   '/Users/ayomidelawal/Downloads/yinlade dental/clinic-app/node_modules/@img/sharp-libvips-linux-x64'
358 silly reify ]
359 verbose reify failed optional dependency /Users/ayomidelawal/Downloads/yinlade dental/clinic-app/node_modules/@img/sharp-libvips-linux-s390x
360 silly reify mark deleted [
360 silly reify   '/Users/ayomidelawal/Downloads/yinlade dental/clinic-app/node_modules/@img/sharp-libvips-linux-s390x'
360 silly reify ]
361 verbose reify failed optional dependency /Users/ayomidelawal/Downloads/yinlade dental/clinic-app/node_modules/@img/sharp-libvips-linux-riscv64
362 silly reify mark deleted [
362 silly reify   '/Users/ayomidelawal/Downloads/yinlade dental/clinic-app/node_modules/@img/sharp-libvips-linux-riscv64'
362 silly reify ]
363 verbose reify failed optional dependency /Users/ayomidelawal/Downloads/yinlade dental/clinic-app/node_modules/@img/sharp-libvips-linux-ppc64
364 silly reify mark deleted [
364 silly reify   '/Users/ayomidelawal/Downloads/yinlade dental/clinic-app/node_modules/@img/sharp-libvips-linux-ppc64'
364 silly reify ]
365 verbose reify failed optional dependency /Users/ayomidelawal/Downloads/yinlade dental/clinic-app/node_modules/@img/sharp-libvips-linux-arm64
366 silly reify mark deleted [
366 silly reify   '/Users/ayomidelawal/Downloads/yinlade dental/clinic-app/node_modules/@img/sharp-libvips-linux-arm64'
366 silly reify ]
367 verbose reify failed optional dependency /Users/ayomidelawal/Downloads/yinlade dental/clinic-app/node_modules/@img/sharp-libvips-linux-arm
368 silly reify mark deleted [
368 silly reify   '/Users/ayomidelawal/Downloads/yinlade dental/clinic-app/node_modules/@img/sharp-libvips-linux-arm'
368 silly reify ]
369 verbose reify failed optional dependency /Users/ayomidelawal/Downloads/yinlade dental/clinic-app/node_modules/@img/sharp-libvips-darwin-x64
370 silly reify mark deleted [
370 silly reify   '/Users/ayomidelawal/Downloads/yinlade dental/clinic-app/node_modules/@img/sharp-libvips-darwin-x64'
370 silly reify ]
371 verbose reify failed optional dependency /Users/ayomidelawal/Downloads/yinlade dental/clinic-app/node_modules/@img/sharp-darwin-x64
372 silly reify mark deleted [
372 silly reify   '/Users/ayomidelawal/Downloads/yinlade dental/clinic-app/node_modules/@img/sharp-darwin-x64'
372 silly reify ]
373 silly tarball no local data for @prisma/fetch-engine@https://registry.npmjs.org/@prisma/fetch-engine/-/fetch-engine-6.19.2.tgz. Extracting by manifest.
374 silly tarball no local data for @prisma/get-platform@https://registry.npmjs.org/@prisma/get-platform/-/get-platform-6.19.2.tgz. Extracting by manifest.
375 silly tarball no local data for @prisma/engines-version@https://registry.npmjs.org/@prisma/engines-version/-/engines-version-7.1.1-3.c2990dca591cba766e3b7ef5d9e8a84796e47ab7.tgz. Extracting by manifest.
376 silly tarball no local data for @prisma/engines@https://registry.npmjs.org/@prisma/engines/-/engines-6.19.2.tgz. Extracting by manifest.
377 silly tarball no local data for @prisma/config@https://registry.npmjs.org/@prisma/config/-/config-6.19.2.tgz. Extracting by manifest.
378 silly tarball no local data for @prisma/client@https://registry.npmjs.org/@prisma/client/-/client-6.19.2.tgz. Extracting by manifest.
379 silly tarball no local data for prisma@https://registry.npmjs.org/prisma/-/prisma-6.19.2.tgz. Extracting by manifest.
380 silly tarball no local data for @prisma/debug@https://registry.npmjs.org/@prisma/debug/-/debug-6.19.2.tgz. Extracting by manifest.
381 http fetch GET 200 https://registry.npmjs.org/@prisma/engines-version/-/engines-version-7.1.1-3.c2990dca591cba766e3b7ef5d9e8a84796e47ab7.tgz 60ms (cache miss)
382 http fetch GET 200 https://registry.npmjs.org/@prisma/engines/-/engines-6.19.2.tgz 80ms (cache miss)
383 http fetch GET 200 https://registry.npmjs.org/@prisma/config/-/config-6.19.2.tgz 84ms (cache miss)
384 http fetch GET 200 https://registry.npmjs.org/@prisma/fetch-engine/-/fetch-engine-6.19.2.tgz 89ms (cache miss)
385 http fetch POST 200 https://registry.npmjs.org/-/npm/v1/security/advisories/bulk 112ms
386 silly audit report {}
387 http fetch GET 200 https://registry.npmjs.org/@prisma/get-platform/-/get-platform-6.19.2.tgz 113ms (cache miss)
388 http fetch GET 200 https://registry.npmjs.org/@prisma/debug/-/debug-6.19.2.tgz 173ms (cache miss)
389 http fetch GET 200 https://registry.npmjs.org/@prisma/client/-/client-6.19.2.tgz 1072ms (cache miss)
390 http fetch GET 200 https://registry.npmjs.org/prisma/-/prisma-6.19.2.tgz 1976ms (cache miss)
391 info run prisma@6.19.2 preinstall node_modules/prisma node scripts/preinstall-entry.js
392 info run prisma@6.19.2 preinstall { code: 0, signal: null }
393 info run @prisma/client@6.19.2 postinstall node_modules/@prisma/client node scripts/postinstall.js
394 info run @prisma/engines@6.19.2 postinstall node_modules/@prisma/engines node scripts/postinstall.js
395 info run @prisma/engines@6.19.2 postinstall { code: 0, signal: null }
396 info run @prisma/client@6.19.2 postinstall { code: 0, signal: null }
397 silly ADD
398 silly ADD
399 silly ADD
400 silly ADD
401 silly ADD
402 silly ADD
403 silly ADD
404 silly ADD
405 silly ADD
406 silly ADD
407 silly ADD
408 silly ADD
409 silly ADD
410 silly ADD
411 silly ADD
412 silly ADD
413 silly ADD
414 silly ADD
415 silly ADD
416 silly ADD
417 silly ADD
418 silly ADD
419 silly ADD
420 silly ADD
421 silly ADD
422 silly ADD
423 silly ADD
424 silly ADD
425 silly ADD
426 silly ADD
427 silly ADD
428 silly ADD
429 silly ADD
430 silly ADD
431 silly ADD
432 silly ADD
433 silly ADD
434 silly ADD
435 silly ADD
436 silly ADD
437 silly ADD
438 silly ADD
439 silly ADD
440 silly ADD
441 silly ADD
442 silly ADD
443 silly ADD
444 silly ADD
445 silly ADD
446 silly ADD
447 silly ADD
448 silly REMOVE node_modules/@prisma/studio-core
449 silly REMOVE node_modules/@mrleebo/prisma-ast
450 silly REMOVE node_modules/@prisma/query-plan-executor
451 silly CHANGE node_modules/@prisma/get-platform
452 silly REMOVE node_modules/@prisma/get-platform/node_modules/@prisma/debug
453 silly CHANGE node_modules/@prisma/fetch-engine
454 silly REMOVE node_modules/@prisma/fetch-engine/node_modules/@prisma/get-platform
455 silly CHANGE node_modules/@prisma/engines
456 silly REMOVE node_modules/@prisma/engines/node_modules/@prisma/get-platform
457 silly REMOVE node_modules/@prisma/dev
458 silly CHANGE node_modules/@prisma/engines-version
459 silly CHANGE node_modules/@prisma/config
460 silly CHANGE node_modules/@prisma/debug
461 silly CHANGE node_modules/@prisma/client
462 silly REMOVE node_modules/@prisma/client-runtime-utils
463 silly REMOVE node_modules/@chevrotain/types
464 silly REMOVE node_modules/@electric-sql/pglite-socket
465 silly REMOVE node_modules/@electric-sql/pglite-tools
466 silly REMOVE node_modules/@electric-sql/pglite
467 silly REMOVE node_modules/@hono/node-server
468 silly REMOVE node_modules/@chevrotain/utils
469 silly REMOVE node_modules/@chevrotain/gast
470 silly REMOVE node_modules/@chevrotain/cst-dts-gen
471 silly REMOVE node_modules/zeptomatch
472 silly REMOVE node_modules/valibot
473 silly REMOVE node_modules/signal-exit
474 silly REMOVE node_modules/std-env
475 silly REMOVE node_modules/sqlstring
476 silly REMOVE node_modules/seq-queue
477 silly REMOVE node_modules/safer-buffer
478 silly REMOVE node_modules/proper-lockfile
479 silly REMOVE node_modules/proper-lockfile/node_modules/signal-exit
480 silly REMOVE node_modules/retry
481 silly REMOVE node_modules/remeda
482 silly REMOVE node_modules/regexp-to-ast
483 silly CHANGE node_modules/prisma
484 silly REMOVE node_modules/postgres
485 silly REMOVE node_modules/named-placeholders
486 silly REMOVE node_modules/mysql2
487 silly REMOVE node_modules/lru.min
488 silly REMOVE node_modules/long
489 silly REMOVE node_modules/lodash
490 silly REMOVE node_modules/lilconfig
491 silly REMOVE node_modules/is-property
492 silly REMOVE node_modules/iconv-lite
493 silly REMOVE node_modules/hono
494 silly REMOVE node_modules/http-status-codes
495 silly REMOVE node_modules/graphmatch
496 silly REMOVE node_modules/graceful-fs
497 silly REMOVE node_modules/grammex
498 silly REMOVE node_modules/get-port-please
499 silly REMOVE node_modules/generate-function
500 silly REMOVE node_modules/foreground-child
501 silly REMOVE node_modules/denque
502 silly REMOVE node_modules/chevrotain
503 silly REMOVE node_modules/aws-ssl-profiles
504 verbose cwd /Users/ayomidelawal/Downloads/yinlade dental/clinic-app
505 verbose os Darwin 24.6.0
506 verbose node v20.20.1
507 verbose npm  v10.8.2
508 verbose exit 0
509 info ok
