0 verbose cli /Users/ayomidelawal/.nvm/versions/node/v20.20.1/bin/node /Users/ayomidelawal/.nvm/versions/node/v20.20.1/bin/npm
1 info using npm@10.8.2
2 info using node@v20.20.1
3 silly config load:file:/Users/ayomidelawal/.nvm/versions/node/v20.20.1/lib/node_modules/npm/npmrc
4 silly config load:file:/Users/ayomidelawal/Downloads/yinlade dental/clinic-app/.npmrc
5 silly config load:file:/Users/ayomidelawal/.npmrc
6 silly config load:file:/Users/ayomidelawal/Downloads/yinlade dental/clinic-app/.npm-prefix/etc/npmrc
7 verbose title npm install ts-node
8 verbose argv "install" "--save-dev" "ts-node"
9 verbose logfile logs-max:10 dir:/Users/ayomidelawal/Downloads/yinlade dental/clinic-app/.npm-cache/_logs/2026-03-19T20_07_51_086Z-
10 verbose logfile /Users/ayomidelawal/Downloads/yinlade dental/clinic-app/.npm-cache/_logs/2026-03-19T20_07_51_086Z-debug-0.log
11 silly packumentCache heap:2197815296 maxSize:549453824 maxEntrySize:274726912
12 silly logfile done cleaning log files
13 silly idealTree buildDeps
14 silly fetch manifest ts-node@*
15 silly packumentCache full:https://registry.npmjs.org/ts-node cache-miss
16 verbose shrinkwrap failed to load node_modules/.package-lock.json out of date, updated: node_modules
17 http fetch GET 200 https://registry.npmjs.org/ts-node 221ms (cache miss)
18 silly packumentCache full:https://registry.npmjs.org/ts-node set size:undefined disposed:false
19 silly fetch manifest @swc/core@>=1.2.50
20 silly packumentCache full:https://registry.npmjs.org/@swc%2fcore cache-miss
21 http fetch GET 200 https://registry.npmjs.org/@swc%2fcore 151ms (cache miss)
22 silly packumentCache full:https://registry.npmjs.org/@swc%2fcore set size:undefined disposed:false
23 silly fetch manifest @swc/helpers@>=0.5.17
24 silly packumentCache full:https://registry.npmjs.org/@swc%2fhelpers cache-miss
25 http fetch GET 200 https://registry.npmjs.org/@swc%2fhelpers 89ms (cache revalidated)
26 silly packumentCache full:https://registry.npmjs.org/@swc%2fhelpers set size:678955 disposed:false
27 silly fetch manifest @swc/wasm@>=1.2.50
28 silly packumentCache full:https://registry.npmjs.org/@swc%2fwasm cache-miss
29 http fetch GET 200 https://registry.npmjs.org/@swc%2fwasm 96ms (cache miss)
30 silly packumentCache full:https://registry.npmjs.org/@swc%2fwasm set size:undefined disposed:false
31 silly fetch manifest @types/node@^25.5.0
32 silly packumentCache full:https://registry.npmjs.org/@types%2fnode cache-miss
33 http fetch GET 200 https://registry.npmjs.org/@types%2fnode 119ms (cache revalidated)
34 silly packumentCache full:https://registry.npmjs.org/@types%2fnode set size:10939971 disposed:false
35 silly fetch manifest typescript@^5.9.3
36 silly packumentCache full:https://registry.npmjs.org/typescript cache-miss
37 http fetch GET 200 https://registry.npmjs.org/typescript 69ms (cache revalidated)
38 silly packumentCache full:https://registry.npmjs.org/typescript set size:15373407 disposed:false
39 silly placeDep ROOT ts-node@10.9.2 OK for: clinic-app@1.0.0 want: *
40 silly fetch manifest yn@3.1.1
41 silly packumentCache full:https://registry.npmjs.org/yn cache-miss
42 silly fetch manifest arg@^4.1.0
43 silly packumentCache full:https://registry.npmjs.org/arg cache-miss
44 silly fetch manifest diff@^4.0.1
45 silly packumentCache full:https://registry.npmjs.org/diff cache-miss
46 silly fetch manifest acorn-walk@^8.1.1
47 silly packumentCache full:https://registry.npmjs.org/acorn-walk cache-miss
48 silly fetch manifest make-error@^1.1.1
49 silly packumentCache full:https://registry.npmjs.org/make-error cache-miss
50 silly fetch manifest create-require@^1.1.0
51 silly packumentCache full:https://registry.npmjs.org/create-require cache-miss
52 silly fetch manifest @tsconfig/node10@^1.0.7
53 silly packumentCache full:https://registry.npmjs.org/@tsconfig%2fnode10 cache-miss
54 http fetch GET 200 https://registry.npmjs.org/yn 58ms (cache miss)
55 silly packumentCache full:https://registry.npmjs.org/yn set size:undefined disposed:false
56 silly fetch manifest @tsconfig/node12@^1.0.7
57 silly packumentCache full:https://registry.npmjs.org/@tsconfig%2fnode12 cache-miss
58 http fetch GET 200 https://registry.npmjs.org/@tsconfig%2fnode12 64ms (cache miss)
59 silly packumentCache full:https://registry.npmjs.org/@tsconfig%2fnode12 set size:undefined disposed:false
60 silly fetch manifest @tsconfig/node14@^1.0.0
61 silly packumentCache full:https://registry.npmjs.org/@tsconfig%2fnode14 cache-miss
62 http fetch GET 200 https://registry.npmjs.org/make-error 137ms (cache miss)
63 silly packumentCache full:https://registry.npmjs.org/make-error set size:undefined disposed:false
64 silly fetch manifest @tsconfig/node16@^1.0.2
65 silly packumentCache full:https://registry.npmjs.org/@tsconfig%2fnode16 cache-miss
66 http fetch GET 200 https://registry.npmjs.org/diff 139ms (cache miss)
67 silly packumentCache full:https://registry.npmjs.org/diff set size:undefined disposed:false
68 silly fetch manifest v8-compile-cache-lib@^3.0.1
69 silly packumentCache full:https://registry.npmjs.org/v8-compile-cache-lib cache-miss
70 http fetch GET 200 https://registry.npmjs.org/create-require 144ms (cache miss)
71 silly packumentCache full:https://registry.npmjs.org/create-require set size:undefined disposed:false
72 silly fetch manifest @cspotcode/source-map-support@^0.8.0
73 silly packumentCache full:https://registry.npmjs.org/@cspotcode%2fsource-map-support cache-miss
74 http fetch GET 200 https://registry.npmjs.org/@tsconfig%2fnode10 146ms (cache miss)
75 silly packumentCache full:https://registry.npmjs.org/@tsconfig%2fnode10 set size:undefined disposed:false
76 http fetch GET 200 https://registry.npmjs.org/acorn-walk 152ms (cache miss)
77 silly packumentCache full:https://registry.npmjs.org/acorn-walk set size:undefined disposed:false
78 http fetch GET 200 https://registry.npmjs.org/arg 157ms (cache miss)
79 silly packumentCache full:https://registry.npmjs.org/arg set size:undefined disposed:false
80 http fetch GET 200 https://registry.npmjs.org/v8-compile-cache-lib 51ms (cache miss)
81 silly packumentCache full:https://registry.npmjs.org/v8-compile-cache-lib set size:undefined disposed:false
82 http fetch GET 200 https://registry.npmjs.org/@tsconfig%2fnode16 55ms (cache miss)
83 silly packumentCache full:https://registry.npmjs.org/@tsconfig%2fnode16 set size:undefined disposed:false
84 http fetch GET 200 https://registry.npmjs.org/@tsconfig%2fnode14 79ms (cache miss)
85 silly packumentCache full:https://registry.npmjs.org/@tsconfig%2fnode14 set size:undefined disposed:false
86 http fetch GET 200 https://registry.npmjs.org/@cspotcode%2fsource-map-support 65ms (cache miss)
87 silly packumentCache full:https://registry.npmjs.org/@cspotcode%2fsource-map-support set size:undefined disposed:false
88 silly placeDep ROOT @cspotcode/source-map-support@0.8.1 OK for: ts-node@10.9.2 want: ^0.8.0
89 silly placeDep ROOT @tsconfig/node10@1.0.12 OK for: ts-node@10.9.2 want: ^1.0.7
90 silly placeDep ROOT @tsconfig/node12@1.0.11 OK for: ts-node@10.9.2 want: ^1.0.7
91 silly placeDep ROOT @tsconfig/node14@1.0.3 OK for: ts-node@10.9.2 want: ^1.0.0
92 silly placeDep ROOT @tsconfig/node16@1.0.4 OK for: ts-node@10.9.2 want: ^1.0.2
93 silly placeDep ROOT acorn-walk@8.3.5 OK for: ts-node@10.9.2 want: ^8.1.1
94 silly placeDep ROOT arg@4.1.3 OK for: ts-node@10.9.2 want: ^4.1.0
95 silly placeDep ROOT create-require@1.1.1 OK for: ts-node@10.9.2 want: ^1.1.0
96 silly placeDep ROOT diff@4.0.4 OK for: ts-node@10.9.2 want: ^4.0.1
97 silly placeDep ROOT make-error@1.3.6 OK for: ts-node@10.9.2 want: ^1.1.1
98 silly placeDep ROOT v8-compile-cache-lib@3.0.1 OK for: ts-node@10.9.2 want: ^3.0.1
99 silly placeDep ROOT yn@3.1.1 OK for: ts-node@10.9.2 want: 3.1.1
100 silly fetch manifest @jridgewell/trace-mapping@0.3.9
101 silly packumentCache full:https://registry.npmjs.org/@jridgewell%2ftrace-mapping cache-miss
102 http fetch GET 200 https://registry.npmjs.org/@jridgewell%2ftrace-mapping 74ms (cache revalidated)
103 silly packumentCache full:https://registry.npmjs.org/@jridgewell%2ftrace-mapping set size:170909 disposed:false
104 silly placeDep node_modules/@cspotcode/source-map-support @jridgewell/trace-mapping@0.3.9 OK for: @cspotcode/source-map-support@0.8.1 want: 0.3.9
105 silly fetch manifest eslint@^2 || ^3 || ^4 || ^5 || ^6 || ^7.2.0 || ^8 || ^9
106 silly packumentCache full:https://registry.npmjs.org/eslint cache-miss
107 http fetch GET 200 https://registry.npmjs.org/eslint 48ms (cache revalidated)
108 silly packumentCache full:https://registry.npmjs.org/eslint set size:1963267 disposed:false
109 silly fetch manifest jiti@*
110 silly packumentCache full:https://registry.npmjs.org/jiti cache-miss
111 http fetch GET 200 https://registry.npmjs.org/jiti 63ms (cache revalidated)
112 silly packumentCache full:https://registry.npmjs.org/jiti set size:382310 disposed:false
113 warn ERESOLVE overriding peer dependency {
113 warn ERESOLVE   code: 'ERESOLVE',
113 warn ERESOLVE   edge: {
113 warn ERESOLVE     type: 'peer',
113 warn ERESOLVE     name: 'eslint',
113 warn ERESOLVE     spec: '^2 || ^3 || ^4 || ^5 || ^6 || ^7.2.0 || ^8 || ^9',
113 warn ERESOLVE     error: 'INVALID',
113 warn ERESOLVE     from: {
113 warn ERESOLVE       name: 'eslint-plugin-import',
113 warn ERESOLVE       version: '2.32.0',
113 warn ERESOLVE       location: 'node_modules/eslint-config-next/node_modules/eslint-plugin-import',
113 warn ERESOLVE       isWorkspace: false,
113 warn ERESOLVE       dependents: [Array]
113 warn ERESOLVE     }
113 warn ERESOLVE   },
113 warn ERESOLVE   dep: {
113 warn ERESOLVE     name: 'eslint',
113 warn ERESOLVE     version: '9.39.4',
113 warn ERESOLVE     whileInstalling: {
113 warn ERESOLVE       name: 'eslint-plugin-import',
113 warn ERESOLVE       version: '2.32.0',
113 warn ERESOLVE       path: '/Users/ayomidelawal/Downloads/yinlade dental/clinic-app/node_modules/eslint-config-next/node_modules/eslint-plugin-import'
113 warn ERESOLVE     },
113 warn ERESOLVE     location: 'node_modules/eslint',
113 warn ERESOLVE     isWorkspace: false,
113 warn ERESOLVE     dependents: [ [Object] ]
113 warn ERESOLVE   },
113 warn ERESOLVE   force: false,
113 warn ERESOLVE   isMine: false,
113 warn ERESOLVE   strictPeerDeps: false,
113 warn ERESOLVE   current: {
113 warn ERESOLVE     name: 'eslint',
113 warn ERESOLVE     version: '10.0.3',
113 warn ERESOLVE     location: 'node_modules/eslint',
113 warn ERESOLVE     isWorkspace: false,
113 warn ERESOLVE     dependents: [
113 warn ERESOLVE       [Object], [Object],
113 warn ERESOLVE       [Object], [Object],
113 warn ERESOLVE       [Object], [Object],
113 warn ERESOLVE       [Object], [Object],
113 warn ERESOLVE       [Object]
113 warn ERESOLVE     ]
113 warn ERESOLVE   },
113 warn ERESOLVE   peerConflict: {
113 warn ERESOLVE     current: {
113 warn ERESOLVE       name: 'eslint',
113 warn ERESOLVE       version: '10.0.3',
113 warn ERESOLVE       location: 'node_modules/eslint',
113 warn ERESOLVE       isWorkspace: false,
113 warn ERESOLVE       dependents: [Array]
113 warn ERESOLVE     },
113 warn ERESOLVE     peer: {
113 warn ERESOLVE       name: 'eslint',
113 warn ERESOLVE       version: '9.39.4',
113 warn ERESOLVE       whileInstalling: [Object],
113 warn ERESOLVE       location: 'node_modules/eslint',
113 warn ERESOLVE       isWorkspace: false,
113 warn ERESOLVE       dependents: [Array]
113 warn ERESOLVE     }
113 warn ERESOLVE   }
113 warn ERESOLVE }
114 silly fetch manifest eslint@^3 || ^4 || ^5 || ^6 || ^7 || ^8 || ^9
115 silly packumentCache full:https://registry.npmjs.org/eslint cache-miss
116 http fetch GET 200 https://registry.npmjs.org/eslint 5ms (cache hit)
117 silly packumentCache full:https://registry.npmjs.org/eslint set size:1963267 disposed:false
118 warn ERESOLVE overriding peer dependency {
118 warn ERESOLVE   code: 'ERESOLVE',
118 warn ERESOLVE   edge: {
118 warn ERESOLVE     type: 'peer',
118 warn ERESOLVE     name: 'eslint',
118 warn ERESOLVE     spec: '^3 || ^4 || ^5 || ^6 || ^7 || ^8 || ^9',
118 warn ERESOLVE     error: 'INVALID',
118 warn ERESOLVE     from: {
118 warn ERESOLVE       name: 'eslint-plugin-jsx-a11y',
118 warn ERESOLVE       version: '6.10.2',
118 warn ERESOLVE       location: 'node_modules/eslint-config-next/node_modules/eslint-plugin-jsx-a11y',
118 warn ERESOLVE       isWorkspace: false,
118 warn ERESOLVE       dependents: [Array]
118 warn ERESOLVE     }
118 warn ERESOLVE   },
118 warn ERESOLVE   dep: {
118 warn ERESOLVE     name: 'eslint',
118 warn ERESOLVE     version: '9.39.4',
118 warn ERESOLVE     whileInstalling: {
118 warn ERESOLVE       name: 'eslint-plugin-jsx-a11y',
118 warn ERESOLVE       version: '6.10.2',
118 warn ERESOLVE       path: '/Users/ayomidelawal/Downloads/yinlade dental/clinic-app/node_modules/eslint-config-next/node_modules/eslint-plugin-jsx-a11y'
118 warn ERESOLVE     },
118 warn ERESOLVE     location: 'node_modules/eslint',
118 warn ERESOLVE     isWorkspace: false,
118 warn ERESOLVE     dependents: [ [Object] ]
118 warn ERESOLVE   },
118 warn ERESOLVE   force: false,
118 warn ERESOLVE   isMine: false,
118 warn ERESOLVE   strictPeerDeps: false,
118 warn ERESOLVE   current: {
118 warn ERESOLVE     name: 'eslint',
118 warn ERESOLVE     version: '10.0.3',
118 warn ERESOLVE     location: 'node_modules/eslint',
118 warn ERESOLVE     isWorkspace: false,
118 warn ERESOLVE     dependents: [
118 warn ERESOLVE       [Object], [Object],
118 warn ERESOLVE       [Object], [Object],
118 warn ERESOLVE       [Object], [Object],
118 warn ERESOLVE       [Object], [Object],
118 warn ERESOLVE       [Object]
118 warn ERESOLVE     ]
118 warn ERESOLVE   },
118 warn ERESOLVE   peerConflict: {
118 warn ERESOLVE     current: {
118 warn ERESOLVE       name: 'eslint',
118 warn ERESOLVE       version: '10.0.3',
118 warn ERESOLVE       location: 'node_modules/eslint',
118 warn ERESOLVE       isWorkspace: false,
118 warn ERESOLVE       dependents: [Array]
118 warn ERESOLVE     },
118 warn ERESOLVE     peer: {
118 warn ERESOLVE       name: 'eslint',
118 warn ERESOLVE       version: '9.39.4',
118 warn ERESOLVE       whileInstalling: [Object],
118 warn ERESOLVE       location: 'node_modules/eslint',
118 warn ERESOLVE       isWorkspace: false,
118 warn ERESOLVE       dependents: [Array]
118 warn ERESOLVE     }
118 warn ERESOLVE   }
118 warn ERESOLVE }
119 silly fetch manifest eslint@^3 || ^4 || ^5 || ^6 || ^7 || ^8 || ^9.7
120 silly packumentCache full:https://registry.npmjs.org/eslint cache-miss
121 http fetch GET 200 https://registry.npmjs.org/eslint 4ms (cache hit)
122 silly packumentCache full:https://registry.npmjs.org/eslint set size:1963267 disposed:false
123 warn ERESOLVE overriding peer dependency {
123 warn ERESOLVE   code: 'ERESOLVE',
123 warn ERESOLVE   edge: {
123 warn ERESOLVE     type: 'peer',
123 warn ERESOLVE     name: 'eslint',
123 warn ERESOLVE     spec: '^3 || ^4 || ^5 || ^6 || ^7 || ^8 || ^9.7',
123 warn ERESOLVE     error: 'INVALID',
123 warn ERESOLVE     from: {
123 warn ERESOLVE       name: 'eslint-plugin-react',
123 warn ERESOLVE       version: '7.37.5',
123 warn ERESOLVE       location: 'node_modules/eslint-config-next/node_modules/eslint-plugin-react',
123 warn ERESOLVE       isWorkspace: false,
123 warn ERESOLVE       dependents: [Array]
123 warn ERESOLVE     }
123 warn ERESOLVE   },
123 warn ERESOLVE   dep: {
123 warn ERESOLVE     name: 'eslint',
123 warn ERESOLVE     version: '9.39.4',
123 warn ERESOLVE     whileInstalling: {
123 warn ERESOLVE       name: 'eslint-plugin-react',
123 warn ERESOLVE       version: '7.37.5',
123 warn ERESOLVE       path: '/Users/ayomidelawal/Downloads/yinlade dental/clinic-app/node_modules/eslint-config-next/node_modules/eslint-plugin-react'
123 warn ERESOLVE     },
123 warn ERESOLVE     location: 'node_modules/eslint',
123 warn ERESOLVE     isWorkspace: false,
123 warn ERESOLVE     dependents: [ [Object] ]
123 warn ERESOLVE   },
123 warn ERESOLVE   force: false,
123 warn ERESOLVE   isMine: false,
123 warn ERESOLVE   strictPeerDeps: false,
123 warn ERESOLVE   current: {
123 warn ERESOLVE     name: 'eslint',
123 warn ERESOLVE     version: '10.0.3',
123 warn ERESOLVE     location: 'node_modules/eslint',
123 warn ERESOLVE     isWorkspace: false,
123 warn ERESOLVE     dependents: [
123 warn ERESOLVE       [Object], [Object],
123 warn ERESOLVE       [Object], [Object],
123 warn ERESOLVE       [Object], [Object],
123 warn ERESOLVE       [Object], [Object],
123 warn ERESOLVE       [Object]
123 warn ERESOLVE     ]
123 warn ERESOLVE   },
123 warn ERESOLVE   peerConflict: {
123 warn ERESOLVE     current: {
123 warn ERESOLVE       name: 'eslint',
123 warn ERESOLVE       version: '10.0.3',
123 warn ERESOLVE       location: 'node_modules/eslint',
123 warn ERESOLVE       isWorkspace: false,
123 warn ERESOLVE       dependents: [Array]
123 warn ERESOLVE     },
123 warn ERESOLVE     peer: {
123 warn ERESOLVE       name: 'eslint',
123 warn ERESOLVE       version: '9.39.4',
123 warn ERESOLVE       whileInstalling: [Object],
123 warn ERESOLVE       location: 'node_modules/eslint',
123 warn ERESOLVE       isWorkspace: false,
123 warn ERESOLVE       dependents: [Array]
123 warn ERESOLVE     }
123 warn ERESOLVE   }
123 warn ERESOLVE }
124 silly fetch manifest eslint@^3.0.0 || ^4.0.0 || ^5.0.0 || ^6.0.0 || ^7.0.0 || ^8.0.0-0 || ^9.0.0
125 silly packumentCache full:https://registry.npmjs.org/eslint cache-miss
126 http fetch GET 200 https://registry.npmjs.org/eslint 4ms (cache hit)
127 silly packumentCache full:https://registry.npmjs.org/eslint set size:1963267 disposed:false
128 warn ERESOLVE overriding peer dependency {
128 warn ERESOLVE   code: 'ERESOLVE',
128 warn ERESOLVE   edge: {
128 warn ERESOLVE     type: 'peer',
128 warn ERESOLVE     name: 'eslint',
128 warn ERESOLVE     spec: '^3.0.0 || ^4.0.0 || ^5.0.0 || ^6.0.0 || ^7.0.0 || ^8.0.0-0 || ^9.0.0',
128 warn ERESOLVE     error: 'INVALID',
128 warn ERESOLVE     from: {
128 warn ERESOLVE       name: 'eslint-plugin-react-hooks',
128 warn ERESOLVE       version: '7.0.1',
128 warn ERESOLVE       location: 'node_modules/eslint-config-next/node_modules/eslint-plugin-react-hooks',
128 warn ERESOLVE       isWorkspace: false,
128 warn ERESOLVE       dependents: [Array]
128 warn ERESOLVE     }
128 warn ERESOLVE   },
128 warn ERESOLVE   dep: {
128 warn ERESOLVE     name: 'eslint',
128 warn ERESOLVE     version: '9.39.4',
128 warn ERESOLVE     whileInstalling: {
128 warn ERESOLVE       name: 'eslint-plugin-react-hooks',
128 warn ERESOLVE       version: '7.0.1',
128 warn ERESOLVE       path: '/Users/ayomidelawal/Downloads/yinlade dental/clinic-app/node_modules/eslint-config-next/node_modules/eslint-plugin-react-hooks'
128 warn ERESOLVE     },
128 warn ERESOLVE     location: 'node_modules/eslint',
128 warn ERESOLVE     isWorkspace: false,
128 warn ERESOLVE     dependents: [ [Object] ]
128 warn ERESOLVE   },
128 warn ERESOLVE   force: false,
128 warn ERESOLVE   isMine: false,
128 warn ERESOLVE   strictPeerDeps: false,
128 warn ERESOLVE   current: {
128 warn ERESOLVE     name: 'eslint',
128 warn ERESOLVE     version: '10.0.3',
128 warn ERESOLVE     location: 'node_modules/eslint',
128 warn ERESOLVE     isWorkspace: false,
128 warn ERESOLVE     dependents: [
128 warn ERESOLVE       [Object], [Object],
128 warn ERESOLVE       [Object], [Object],
128 warn ERESOLVE       [Object], [Object],
128 warn ERESOLVE       [Object], [Object],
128 warn ERESOLVE       [Object]
128 warn ERESOLVE     ]
128 warn ERESOLVE   },
128 warn ERESOLVE   peerConflict: {
128 warn ERESOLVE     current: {
128 warn ERESOLVE       name: 'eslint',
128 warn ERESOLVE       version: '10.0.3',
128 warn ERESOLVE       location: 'node_modules/eslint',
128 warn ERESOLVE       isWorkspace: false,
128 warn ERESOLVE       dependents: [Array]
128 warn ERESOLVE     },
128 warn ERESOLVE     peer: {
128 warn ERESOLVE       name: 'eslint',
128 warn ERESOLVE       version: '9.39.4',
128 warn ERESOLVE       whileInstalling: [Object],
128 warn ERESOLVE       location: 'node_modules/eslint',
128 warn ERESOLVE       isWorkspace: false,
128 warn ERESOLVE       dependents: [Array]
128 warn ERESOLVE     }
128 warn ERESOLVE   }
128 warn ERESOLVE }
129 silly reify moves {}
130 silly audit bulk request {
130 silly audit   '@babel/code-frame': [ '7.29.0' ],
130 silly audit   '@babel/compat-data': [ '7.29.0' ],
130 silly audit   '@babel/core': [ '7.29.0' ],
130 silly audit   json5: [ '2.2.3', '1.0.2' ],
130 silly audit   semver: [ '6.3.1', '7.7.4' ],
130 silly audit   '@babel/generator': [ '7.29.1' ],
130 silly audit   '@babel/helper-compilation-targets': [ '7.28.6' ],
130 silly audit   '@babel/helper-globals': [ '7.28.0' ],
130 silly audit   '@babel/helper-module-imports': [ '7.28.6' ],
130 silly audit   '@babel/helper-module-transforms': [ '7.28.6' ],
130 silly audit   '@babel/helper-string-parser': [ '7.27.1' ],
130 silly audit   '@babel/helper-validator-identifier': [ '7.28.5' ],
130 silly audit   '@babel/helper-validator-option': [ '7.27.1' ],
130 silly audit   '@babel/helpers': [ '7.29.2' ],
130 silly audit   '@babel/parser': [ '7.29.2' ],
130 silly audit   '@babel/template': [ '7.28.6' ],
130 silly audit   '@babel/traverse': [ '7.29.0' ],
130 silly audit   '@babel/types': [ '7.29.0' ],
130 silly audit   '@chevrotain/cst-dts-gen': [ '10.5.0' ],
130 silly audit   '@chevrotain/gast': [ '10.5.0' ],
130 silly audit   '@chevrotain/types': [ '10.5.0' ],
130 silly audit   '@chevrotain/utils': [ '10.5.0' ],
130 silly audit   '@electric-sql/pglite': [ '0.3.15' ],
130 silly audit   '@electric-sql/pglite-socket': [ '0.0.20' ],
130 silly audit   '@electric-sql/pglite-tools': [ '0.2.20' ],
130 silly audit   '@emnapi/core': [ '1.9.1' ],
130 silly audit   '@emnapi/runtime': [ '1.9.1' ],
130 silly audit   '@emnapi/wasi-threads': [ '1.2.0' ],
130 silly audit   '@eslint-community/eslint-utils': [ '4.9.1' ],
130 silly audit   'eslint-visitor-keys': [ '3.4.3', '5.0.1' ],
130 silly audit   '@eslint-community/regexpp': [ '4.12.2' ],
130 silly audit   '@eslint/config-array': [ '0.23.3' ],
130 silly audit   '@eslint/config-helpers': [ '0.5.3' ],
130 silly audit   '@eslint/core': [ '1.1.1' ],
130 silly audit   '@eslint/object-schema': [ '3.0.3' ],
130 silly audit   '@eslint/plugin-kit': [ '0.6.1' ],
130 silly audit   '@hono/node-server': [ '1.19.9' ],
130 silly audit   '@humanfs/core': [ '0.19.1' ],
130 silly audit   '@humanfs/node': [ '0.16.7' ],
130 silly audit   '@humanwhocodes/module-importer': [ '1.0.1' ],
130 silly audit   '@humanwhocodes/retry': [ '0.4.3' ],
130 silly audit   '@img/colour': [ '1.1.0' ],
130 silly audit   '@img/sharp-darwin-arm64': [ '0.34.5' ],
130 silly audit   '@img/sharp-darwin-x64': [ '0.34.5' ],
130 silly audit   '@img/sharp-libvips-darwin-arm64': [ '1.2.4' ],
130 silly audit   '@img/sharp-libvips-darwin-x64': [ '1.2.4' ],
130 silly audit   '@img/sharp-libvips-linux-arm': [ '1.2.4' ],
130 silly audit   '@img/sharp-libvips-linux-arm64': [ '1.2.4' ],
130 silly audit   '@img/sharp-libvips-linux-ppc64': [ '1.2.4' ],
130 silly audit   '@img/sharp-libvips-linux-riscv64': [ '1.2.4' ],
130 silly audit   '@img/sharp-libvips-linux-s390x': [ '1.2.4' ],
130 silly audit   '@img/sharp-libvips-linux-x64': [ '1.2.4' ],
130 silly audit   '@img/sharp-libvips-linuxmusl-arm64': [ '1.2.4' ],
130 silly audit   '@img/sharp-libvips-linuxmusl-x64': [ '1.2.4' ],
130 silly audit   '@img/sharp-linux-arm': [ '0.34.5' ],
130 silly audit   '@img/sharp-linux-arm64': [ '0.34.5' ],
130 silly audit   '@img/sharp-linux-ppc64': [ '0.34.5' ],
130 silly audit   '@img/sharp-linux-riscv64': [ '0.34.5' ],
130 silly audit   '@img/sharp-linux-s390x': [ '0.34.5' ],
130 silly audit   '@img/sharp-linux-x64': [ '0.34.5' ],
130 silly audit   '@img/sharp-linuxmusl-arm64': [ '0.34.5' ],
130 silly audit   '@img/sharp-linuxmusl-x64': [ '0.34.5' ],
130 silly audit   '@img/sharp-wasm32': [ '0.34.5' ],
130 silly audit   '@img/sharp-win32-arm64': [ '0.34.5' ],
130 silly audit   '@img/sharp-win32-ia32': [ '0.34.5' ],
130 silly audit   '@img/sharp-win32-x64': [ '0.34.5' ],
130 silly audit   '@jridgewell/gen-mapping': [ '0.3.13' ],
130 silly audit   '@jridgewell/remapping': [ '2.3.5' ],
130 silly audit   '@jridgewell/resolve-uri': [ '3.1.2' ],
130 silly audit   '@jridgewell/sourcemap-codec': [ '1.5.5' ],
130 silly audit   '@jridgewell/trace-mapping': [ '0.3.31', '0.3.9' ],
130 silly audit   '@mrleebo/prisma-ast': [ '0.13.1' ],
130 silly audit   '@napi-rs/wasm-runtime': [ '0.2.12' ],
130 silly audit   '@next/env': [ '16.2.0' ],
130 silly audit   '@next/eslint-plugin-next': [ '16.2.0' ],
130 silly audit   '@next/swc-darwin-arm64': [ '16.2.0' ],
130 silly audit   '@next/swc-darwin-x64': [ '16.2.0' ],
130 silly audit   '@next/swc-linux-arm64-gnu': [ '16.2.0' ],
130 silly audit   '@next/swc-linux-arm64-musl': [ '16.2.0' ],
130 silly audit   '@next/swc-linux-x64-gnu': [ '16.2.0' ],
130 silly audit   '@next/swc-linux-x64-musl': [ '16.2.0' ],
130 silly audit   '@next/swc-win32-arm64-msvc': [ '16.2.0' ],
130 silly audit   '@next/swc-win32-x64-msvc': [ '16.2.0' ],
130 silly audit   '@nodelib/fs.scandir': [ '2.1.5' ],
130 silly audit   '@nodelib/fs.stat': [ '2.0.5' ],
130 silly audit   '@nodelib/fs.walk': [ '1.2.8' ],
130 silly audit   '@nolyfill/is-core-module': [ '1.0.39' ],
130 silly audit   '@prisma/client': [ '7.5.0' ],
130 silly audit   '@prisma/client-runtime-utils': [ '7.5.0' ],
130 silly audit   '@prisma/config': [ '7.5.0' ],
130 silly audit   '@prisma/debug': [ '7.5.0', '7.2.0' ],
130 silly audit   '@prisma/dev': [ '0.20.0' ],
130 silly audit   '@prisma/engines': [ '7.5.0' ],
130 silly audit   '@prisma/engines-version': [ '7.5.0-15.280c870be64f457428992c43c1f6d557fab6e29e' ],
130 silly audit   '@prisma/get-platform': [ '7.5.0', '7.2.0' ],
130 silly audit   '@prisma/fetch-engine': [ '7.5.0' ],
130 silly audit   '@prisma/query-plan-executor': [ '7.2.0' ],
130 silly audit   '@prisma/studio-core': [ '0.21.1' ],
130 silly audit   '@rtsao/scc': [ '1.1.0' ],
130 silly audit   '@standard-schema/spec': [ '1.1.0' ],
130 silly audit   '@swc/helpers': [ '0.5.15' ],
130 silly audit   '@tybys/wasm-util': [ '0.10.1' ],
130 silly audit   '@types/bcryptjs': [ '2.4.6' ],
130 silly audit   '@types/esrecurse': [ '4.3.1' ],
130 silly audit   '@types/estree': [ '1.0.8' ],
130 silly audit   '@types/json-schema': [ '7.0.15' ],
130 silly audit   '@types/json5': [ '0.0.29' ],
130 silly audit   '@types/jsonwebtoken': [ '9.0.10' ],
130 silly audit   '@types/ms': [ '2.1.0' ],
130 silly audit   '@types/node': [ '25.5.0' ],
130 silly audit   '@types/react': [ '19.2.14' ],
130 silly audit   '@types/react-dom': [ '19.2.3' ],
130 silly audit   '@typescript-eslint/eslint-plugin': [ '8.57.1' ],
130 silly audit   ignore: [ '7.0.5', '5.3.2' ],
130 silly audit   '@typescript-eslint/parser': [ '8.57.1' ],
130 silly audit   '@typescript-eslint/project-service': [ '8.57.1' ],
130 silly audit   '@typescript-eslint/scope-manager': [ '8.57.1' ],
130 silly audit   '@typescript-eslint/tsconfig-utils': [ '8.57.1' ],
130 silly audit   '@typescript-eslint/type-utils': [ '8.57.1' ],
130 silly audit   '@typescript-eslint/types': [ '8.57.1' ],
130 silly audit   '@typescript-eslint/typescript-estree': [ '8.57.1' ],
130 silly audit   '@typescript-eslint/utils': [ '8.57.1' ],
130 silly audit   '@typescript-eslint/visitor-keys': [ '8.57.1' ],
130 silly audit   '@unrs/resolver-binding-android-arm-eabi': [ '1.11.1' ],
130 silly audit   '@unrs/resolver-binding-android-arm64': [ '1.11.1' ],
130 silly audit   '@unrs/resolver-binding-darwin-arm64': [ '1.11.1' ],
130 silly audit   '@unrs/resolver-binding-darwin-x64': [ '1.11.1' ],
130 silly audit   '@unrs/resolver-binding-freebsd-x64': [ '1.11.1' ],
130 silly audit   '@unrs/resolver-binding-linux-arm-gnueabihf': [ '1.11.1' ],
130 silly audit   '@unrs/resolver-binding-linux-arm-musleabihf': [ '1.11.1' ],
130 silly audit   '@unrs/resolver-binding-linux-arm64-gnu': [ '1.11.1' ],
130 silly audit   '@unrs/resolver-binding-linux-arm64-musl': [ '1.11.1' ],
130 silly audit   '@unrs/resolver-binding-linux-ppc64-gnu': [ '1.11.1' ],
130 silly audit   '@unrs/resolver-binding-linux-riscv64-gnu': [ '1.11.1' ],
130 silly audit   '@unrs/resolver-binding-linux-riscv64-musl': [ '1.11.1' ],
130 silly audit   '@unrs/resolver-binding-linux-s390x-gnu': [ '1.11.1' ],
130 silly audit   '@unrs/resolver-binding-linux-x64-gnu': [ '1.11.1' ],
130 silly audit   '@unrs/resolver-binding-linux-x64-musl': [ '1.11.1' ],
130 silly audit   '@unrs/resolver-binding-wasm32-wasi': [ '1.11.1' ],
130 silly audit   '@unrs/resolver-binding-win32-arm64-msvc': [ '1.11.1' ],
130 silly audit   '@unrs/resolver-binding-win32-ia32-msvc': [ '1.11.1' ],
130 silly audit   '@unrs/resolver-binding-win32-x64-msvc': [ '1.11.1' ],
130 silly audit   acorn: [ '8.16.0' ],
130 silly audit   'acorn-jsx': [ '5.3.2' ],
130 silly audit   ajv: [ '6.14.0' ],
130 silly audit   'aria-query': [ '5.3.2' ],
130 silly audit   'array-buffer-byte-length': [ '1.0.2' ],
130 silly audit   'array-includes': [ '3.1.9' ],
130 silly audit   'array.prototype.findlast': [ '1.2.5' ],
130 silly audit   'array.prototype.findlastindex': [ '1.2.6' ],
130 silly audit   'array.prototype.flat': [ '1.3.3' ],
130 silly audit   'array.prototype.flatmap': [ '1.3.3' ],
130 silly audit   'array.prototype.tosorted': [ '1.1.4' ],
130 silly audit   'arraybuffer.prototype.slice': [ '1.0.4' ],
130 silly audit   'ast-types-flow': [ '0.0.8' ],
130 silly audit   'async-function': [ '1.0.0' ],
130 silly audit   'available-typed-arrays': [ '1.0.7' ],
130 silly audit   'aws-ssl-profiles': [ '1.1.2' ],
130 silly audit   'axe-core': [ '4.11.1' ],
130 silly audit   'axobject-query': [ '4.1.0' ],
130 silly audit   'balanced-match': [ '4.0.4', '1.0.2' ],
130 silly audit   'baseline-browser-mapping': [ '2.10.9' ],
130 silly audit   bcryptjs: [ '3.0.3' ],
130 silly audit   'brace-expansion': [ '5.0.4', '1.1.12' ],
130 silly audit   braces: [ '3.0.3' ],
130 silly audit   browserslist: [ '4.28.1' ],
130 silly audit   'buffer-equal-constant-time': [ '1.0.1' ],
130 silly audit   c12: [ '3.1.0' ],
130 silly audit   'call-bind': [ '1.0.8' ],
130 silly audit   'call-bind-apply-helpers': [ '1.0.2' ],
130 silly audit   'call-bound': [ '1.0.4' ],
130 silly audit   'caniuse-lite': [ '1.0.30001780' ],
130 silly audit   chevrotain: [ '10.5.0' ],
130 silly audit   chokidar: [ '4.0.3' ],
130 silly audit   citty: [ '0.1.6', '0.2.1' ],
130 silly audit   'client-only': [ '0.0.1' ],
130 silly audit   'concat-map': [ '0.0.1' ],
130 silly audit   confbox: [ '0.2.4' ],
130 silly audit   consola: [ '3.4.2' ],
130 silly audit   'convert-source-map': [ '2.0.0' ],
130 silly audit   cookie: [ '1.1.1' ],
130 silly audit   'cross-spawn': [ '7.0.6' ],
130 silly audit   csstype: [ '3.2.3' ],
130 silly audit   'damerau-levenshtein': [ '1.0.8' ],
130 silly audit   'data-view-buffer': [ '1.0.2' ],
130 silly audit   'data-view-byte-length': [ '1.0.2' ],
130 silly audit   'data-view-byte-offset': [ '1.0.1' ],
130 silly audit   debug: [ '4.4.3', '3.2.7' ],
130 silly audit   'deep-is': [ '0.1.4' ],
130 silly audit   'deepmerge-ts': [ '7.1.5' ],
130 silly audit   'define-data-property': [ '1.1.4' ],
130 silly audit   'define-properties': [ '1.2.1' ],
130 silly audit   defu: [ '6.1.4' ],
130 silly audit   denque: [ '2.1.0' ],
130 silly audit   destr: [ '2.0.5' ],
130 silly audit   'detect-libc': [ '2.1.2' ],
130 silly audit   doctrine: [ '2.1.0' ],
130 silly audit   dotenv: [ '16.6.1' ],
130 silly audit   'dunder-proto': [ '1.0.1' ],
130 silly audit   'ecdsa-sig-formatter': [ '1.0.11' ],
130 silly audit   effect: [ '3.18.4' ],
130 silly audit   'electron-to-chromium': [ '1.5.321' ],
130 silly audit   'emoji-regex': [ '9.2.2' ],
130 silly audit   empathic: [ '2.0.0' ],
130 silly audit   'es-abstract': [ '1.24.1' ],
130 silly audit   'es-define-property': [ '1.0.1' ],
130 silly audit   'es-errors': [ '1.3.0' ],
130 silly audit   'es-iterator-helpers': [ '1.3.1' ],
130 silly audit   'es-object-atoms': [ '1.1.1' ],
130 silly audit   'es-set-tostringtag': [ '2.1.0' ],
130 silly audit   'es-shim-unscopables': [ '1.1.0' ],
130 silly audit   'es-to-primitive': [ '1.3.0' ],
130 silly audit   escalade: [ '3.2.0' ],
130 silly audit   'escape-string-regexp': [ '4.0.0' ],
130 silly audit   eslint: [ '10.0.3' ],
130 silly audit   'eslint-config-next': [ '16.2.0' ],
130 silly audit   'eslint-import-resolver-typescript': [ '3.10.1' ],
130 silly audit   'eslint-plugin-import': [ '2.32.0' ],
130 silly audit   'eslint-plugin-jsx-a11y': [ '6.10.2' ],
130 silly audit   'eslint-plugin-react': [ '7.37.5' ],
130 silly audit   'eslint-plugin-react-hooks': [ '7.0.1' ],
130 silly audit   minimatch: [ '3.1.5', '10.2.4' ],
130 silly audit   resolve: [ '2.0.0-next.6', '1.22.11' ],
130 silly audit   'eslint-import-resolver-node': [ '0.3.9' ],
130 silly audit   'eslint-module-utils': [ '2.12.1' ],
130 silly audit   'eslint-scope': [ '9.1.2' ],
130 silly audit   espree: [ '11.2.0' ],
130 silly audit   esquery: [ '1.7.0' ],
130 silly audit   esrecurse: [ '4.3.0' ],
130 silly audit   estraverse: [ '5.3.0' ],
130 silly audit   esutils: [ '2.0.3' ],
130 silly audit   exsolve: [ '1.0.8' ],
130 silly audit   'fast-check': [ '3.23.2' ],
130 silly audit   'fast-deep-equal': [ '3.1.3' ],
130 silly audit   'fast-glob': [ '3.3.1' ],
130 silly audit   'glob-parent': [ '5.1.2', '6.0.2' ],
130 silly audit   'fast-json-stable-stringify': [ '2.1.0' ],
130 silly audit   'fast-levenshtein': [ '2.0.6' ],
130 silly audit   fastq: [ '1.20.1' ],
130 silly audit   'file-entry-cache': [ '8.0.0' ],
130 silly audit   'fill-range': [ '7.1.1' ],
130 silly audit   'find-up': [ '5.0.0' ],
130 silly audit   'flat-cache': [ '4.0.1' ],
130 silly audit   flatted: [ '3.4.2' ],
130 silly audit   'for-each': [ '0.3.5' ],
130 silly audit   'foreground-child': [ '3.3.1' ],
130 silly audit   'function-bind': [ '1.1.2' ],
130 silly audit   'function.prototype.name': [ '1.1.8' ],
130 silly audit   'functions-have-names': [ '1.2.3' ],
130 silly audit   'generate-function': [ '2.3.1' ],
130 silly audit   'generator-function': [ '2.0.1' ],
130 silly audit   gensync: [ '1.0.0-beta.2' ],
130 silly audit   'get-intrinsic': [ '1.3.0' ],
130 silly audit   'get-port-please': [ '3.2.0' ],
130 silly audit   'get-proto': [ '1.0.1' ],
130 silly audit   'get-symbol-description': [ '1.1.0' ],
130 silly audit   'get-tsconfig': [ '4.13.6' ],
130 silly audit   giget: [ '2.0.0' ],
130 silly audit   globals: [ '16.4.0' ],
130 silly audit   globalthis: [ '1.0.4' ],
130 silly audit   gopd: [ '1.2.0' ],
130 silly audit   'graceful-fs': [ '4.2.11' ],
130 silly audit   grammex: [ '3.1.12' ],
130 silly audit   graphmatch: [ '1.1.1' ],
130 silly audit   'has-bigints': [ '1.1.0' ],
130 silly audit   'has-property-descriptors': [ '1.0.2' ],
130 silly audit   'has-proto': [ '1.2.0' ],
130 silly audit   'has-symbols': [ '1.1.0' ],
130 silly audit   'has-tostringtag': [ '1.0.2' ],
130 silly audit   hasown: [ '2.0.2' ],
130 silly audit   'hermes-estree': [ '0.25.1' ],
130 silly audit   'hermes-parser': [ '0.25.1' ],
130 silly audit   hono: [ '4.11.4' ],
130 silly audit   'http-status-codes': [ '2.3.0' ],
130 silly audit   'iconv-lite': [ '0.7.2' ],
130 silly audit   imurmurhash: [ '0.1.4' ],
130 silly audit   'internal-slot': [ '1.1.0' ],
130 silly audit   'is-array-buffer': [ '3.0.5' ],
130 silly audit   'is-async-function': [ '2.1.1' ],
130 silly audit   'is-bigint': [ '1.1.0' ],
130 silly audit   'is-boolean-object': [ '1.2.2' ],
130 silly audit   'is-bun-module': [ '2.0.0' ],
130 silly audit   'is-callable': [ '1.2.7' ],
130 silly audit   'is-core-module': [ '2.16.1' ],
130 silly audit   'is-data-view': [ '1.0.2' ],
130 silly audit   'is-date-object': [ '1.1.0' ],
130 silly audit   'is-extglob': [ '2.1.1' ],
130 silly audit   'is-finalizationregistry': [ '1.1.1' ],
130 silly audit   'is-generator-function': [ '1.1.2' ],
130 silly audit   'is-glob': [ '4.0.3' ],
130 silly audit   'is-map': [ '2.0.3' ],
130 silly audit   'is-negative-zero': [ '2.0.3' ],
130 silly audit   'is-number': [ '7.0.0' ],
130 silly audit   'is-number-object': [ '1.1.1' ],
130 silly audit   'is-property': [ '1.0.2' ],
130 silly audit   'is-regex': [ '1.2.1' ],
130 silly audit   'is-set': [ '2.0.3' ],
130 silly audit   'is-shared-array-buffer': [ '1.0.4' ],
130 silly audit   'is-string': [ '1.1.1' ],
130 silly audit   'is-symbol': [ '1.1.1' ],
130 silly audit   'is-typed-array': [ '1.1.15' ],
130 silly audit   'is-weakmap': [ '2.0.2' ],
130 silly audit   'is-weakref': [ '1.1.1' ],
130 silly audit   'is-weakset': [ '2.0.4' ],
130 silly audit   isarray: [ '2.0.5' ],
130 silly audit   isexe: [ '2.0.0' ],
130 silly audit   'iterator.prototype': [ '1.1.5' ],
130 silly audit   jiti: [ '2.6.1' ],
130 silly audit   'js-tokens': [ '4.0.0' ],
130 silly audit   jsesc: [ '3.1.0' ],
130 silly audit   'json-buffer': [ '3.0.1' ],
130 silly audit   'json-schema-traverse': [ '0.4.1' ],
130 silly audit   'json-stable-stringify-without-jsonify': [ '1.0.1' ],
130 silly audit   jsonwebtoken: [ '9.0.3' ],
130 silly audit   'jsx-ast-utils': [ '3.3.5' ],
130 silly audit   jwa: [ '2.0.1' ],
130 silly audit   jws: [ '4.0.1' ],
130 silly audit   keyv: [ '4.5.4' ],
130 silly audit   'language-subtag-registry': [ '0.3.23' ],
130 silly audit   'language-tags': [ '1.0.9' ],
130 silly audit   levn: [ '0.4.1' ],
130 silly audit   lilconfig: [ '2.1.0' ],
130 silly audit   'locate-path': [ '6.0.0' ],
130 silly audit   lodash: [ '4.17.21' ],
130 silly audit   'lodash.includes': [ '4.3.0' ],
130 silly audit   'lodash.isboolean': [ '3.0.3' ],
130 silly audit   'lodash.isinteger': [ '4.0.4' ],
130 silly audit   'lodash.isnumber': [ '3.0.3' ],
130 silly audit   'lodash.isplainobject': [ '4.0.6' ],
130 silly audit   'lodash.isstring': [ '4.0.1' ],
130 silly audit   'lodash.once': [ '4.1.1' ],
130 silly audit   long: [ '5.3.2' ],
130 silly audit   'loose-envify': [ '1.4.0' ],
130 silly audit   'lru-cache': [ '5.1.1' ],
130 silly audit   'lru.min': [ '1.1.4' ],
130 silly audit   'math-intrinsics': [ '1.1.0' ],
130 silly audit   merge2: [ '1.4.1' ],
130 silly audit   micromatch: [ '4.0.8' ],
130 silly audit   minimist: [ '1.2.8' ],
130 silly audit   ms: [ '2.1.3' ],
130 silly audit   mysql2: [ '3.15.3' ],
130 silly audit   'named-placeholders': [ '1.1.6' ],
130 silly audit   nanoid: [ '3.3.11' ],
130 silly audit   'napi-postinstall': [ '0.3.4' ],
130 silly audit   'natural-compare': [ '1.4.0' ],
130 silly audit   next: [ '16.2.0' ],
130 silly audit   'node-exports-info': [ '1.6.0' ],
130 silly audit   'node-fetch-native': [ '1.6.7' ],
130 silly audit   'node-releases': [ '2.0.36' ],
130 silly audit   nypm: [ '0.6.5' ],
130 silly audit   'object-assign': [ '4.1.1' ],
130 silly audit   'object-inspect': [ '1.13.4' ],
130 silly audit   'object-keys': [ '1.1.1' ],
130 silly audit   'object.assign': [ '4.1.7' ],
130 silly audit   'object.entries': [ '1.1.9' ],
130 silly audit   'object.fromentries': [ '2.0.8' ],
130 silly audit   'object.groupby': [ '1.0.3' ],
130 silly audit   'object.values': [ '1.2.1' ],
130 silly audit   ohash: [ '2.0.11' ],
130 silly audit   optionator: [ '0.9.4' ],
130 silly audit   'own-keys': [ '1.0.1' ],
130 silly audit   'p-limit': [ '3.1.0' ],
130 silly audit   'p-locate': [ '5.0.0' ],
130 silly audit   'path-exists': [ '4.0.0' ],
130 silly audit   'path-key': [ '3.1.1' ],
130 silly audit   'path-parse': [ '1.0.7' ],
130 silly audit   pathe: [ '2.0.3' ],
130 silly audit   'perfect-debounce': [ '1.0.0' ],
130 silly audit   picocolors: [ '1.1.1' ],
130 silly audit   picomatch: [ '2.3.1', '4.0.3' ],
130 silly audit   'pkg-types': [ '2.3.0' ],
130 silly audit   'possible-typed-array-names': [ '1.1.0' ],
130 silly audit   postcss: [ '8.4.31' ],
130 silly audit   postgres: [ '3.4.7' ],
130 silly audit   'prelude-ls': [ '1.2.1' ],
130 silly audit   prisma: [ '7.5.0' ],
130 silly audit   'prop-types': [ '15.8.1' ],
130 silly audit   'proper-lockfile': [ '4.1.2' ],
130 silly audit   'signal-exit': [ '3.0.7', '4.1.0' ],
130 silly audit   punycode: [ '2.3.1' ],
130 silly audit   'pure-rand': [ '6.1.0' ],
130 silly audit   'queue-microtask': [ '1.2.3' ],
130 silly audit   rc9: [ '2.1.2' ],
130 silly audit   react: [ '19.2.4' ],
130 silly audit   'react-dom': [ '19.2.4' ],
130 silly audit   'react-is': [ '16.13.1' ],
130 silly audit   readdirp: [ '4.1.2' ],
130 silly audit   'reflect.getprototypeof': [ '1.0.10' ],
130 silly audit   'regexp-to-ast': [ '0.5.0' ],
130 silly audit   'regexp.prototype.flags': [ '1.5.4' ],
130 silly audit   remeda: [ '2.33.4' ],
130 silly audit   'resolve-pkg-maps': [ '1.0.0' ],
130 silly audit   retry: [ '0.12.0' ],
130 silly audit   reusify: [ '1.1.0' ],
130 silly audit   'run-parallel': [ '1.2.0' ],
130 silly audit   'safe-array-concat': [ '1.1.3' ],
130 silly audit   'safe-buffer': [ '5.2.1' ],
130 silly audit   'safe-push-apply': [ '1.0.0' ],
130 silly audit   'safe-regex-test': [ '1.1.0' ],
130 silly audit   'safer-buffer': [ '2.1.2' ],
130 silly audit   scheduler: [ '0.27.0' ],
130 silly audit   'seq-queue': [ '0.0.5' ],
130 silly audit   'set-function-length': [ '1.2.2' ],
130 silly audit   'set-function-name': [ '2.0.2' ],
130 silly audit   'set-proto': [ '1.0.0' ],
130 silly audit   sharp: [ '0.34.5' ],
130 silly audit   'shebang-command': [ '2.0.0' ],
130 silly audit   'shebang-regex': [ '3.0.0' ],
130 silly audit   'side-channel': [ '1.1.0' ],
130 silly audit   'side-channel-list': [ '1.0.0' ],
130 silly audit   'side-channel-map': [ '1.0.1' ],
130 silly audit   'side-channel-weakmap': [ '1.0.2' ],
130 silly audit   'source-map-js': [ '1.2.1' ],
130 silly audit   sqlstring: [ '2.3.3' ],
130 silly audit   'stable-hash': [ '0.0.5' ],
130 silly audit   'std-env': [ '3.10.0' ],
130 silly audit   'stop-iteration-iterator': [ '1.1.0' ],
130 silly audit   'string.prototype.includes': [ '2.0.1' ],
130 silly audit   'string.prototype.matchall': [ '4.0.12' ],
130 silly audit   'string.prototype.repeat': [ '1.0.0' ],
130 silly audit   'string.prototype.trim': [ '1.2.10' ],
130 silly audit   'string.prototype.trimend': [ '1.0.9' ],
130 silly audit   'string.prototype.trimstart': [ '1.0.8' ],
130 silly audit   'strip-bom': [ '3.0.0' ],
130 silly audit   'styled-jsx': [ '5.1.6' ],
130 silly audit   'supports-preserve-symlinks-flag': [ '1.0.0' ],
130 silly audit   tinyexec: [ '1.0.4' ],
130 silly audit   tinyglobby: [ '0.2.15' ],
130 silly audit   fdir: [ '6.5.0' ],
130 silly audit   'to-regex-range': [ '5.0.1' ],
130 silly audit   'ts-api-utils': [ '2.5.0' ],
130 silly audit   'tsconfig-paths': [ '3.15.0' ],
130 silly audit   tslib: [ '2.8.1' ],
130 silly audit   'type-check': [ '0.4.0' ],
130 silly audit   'typed-array-buffer': [ '1.0.3' ],
130 silly audit   'typed-array-byte-length': [ '1.0.3' ],
130 silly audit   'typed-array-byte-offset': [ '1.0.4' ],
130 silly audit   'typed-array-length': [ '1.0.7' ],
130 silly audit   typescript: [ '5.9.3' ],
130 silly audit   'typescript-eslint': [ '8.57.1' ],
130 silly audit   'unbox-primitive': [ '1.1.0' ],
130 silly audit   'undici-types': [ '7.18.2' ],
130 silly audit   'unrs-resolver': [ '1.11.1' ],
130 silly audit   'update-browserslist-db': [ '1.2.3' ],
130 silly audit   'uri-js': [ '4.4.1' ],
130 silly audit   valibot: [ '1.2.0' ],
130 silly audit   which: [ '2.0.2' ],
130 silly audit   'which-boxed-primitive': [ '1.1.1' ],
130 silly audit   'which-builtin-type': [ '1.2.1' ],
130 silly audit   'which-collection': [ '1.0.2' ],
130 silly audit   'which-typed-array': [ '1.1.20' ],
130 silly audit   'word-wrap': [ '1.2.5' ],
130 silly audit   yallist: [ '3.1.1' ],
130 silly audit   'yocto-queue': [ '0.1.0' ],
130 silly audit   zeptomatch: [ '2.1.0' ],
130 silly audit   zod: [ '4.3.6' ],
130 silly audit   'zod-validation-error': [ '4.0.2' ],
130 silly audit   'ts-node': [ '10.9.2' ],
130 silly audit   '@cspotcode/source-map-support': [ '0.8.1' ],
130 silly audit   '@tsconfig/node10': [ '1.0.12' ],
130 silly audit   '@tsconfig/node12': [ '1.0.11' ],
130 silly audit   '@tsconfig/node14': [ '1.0.3' ],
130 silly audit   '@tsconfig/node16': [ '1.0.4' ],
130 silly audit   'acorn-walk': [ '8.3.5' ],
130 silly audit   arg: [ '4.1.3' ],
130 silly audit   'create-require': [ '1.1.1' ],
130 silly audit   diff: [ '4.0.4' ],
130 silly audit   'make-error': [ '1.3.6' ],
130 silly audit   'v8-compile-cache-lib': [ '3.0.1' ],
130 silly audit   yn: [ '3.1.1' ]
130 silly audit }
131 verbose reify failed optional dependency /Users/ayomidelawal/Downloads/yinlade dental/clinic-app/node_modules/@unrs/resolver-binding-win32-x64-msvc
132 silly reify mark deleted [
132 silly reify   '/Users/ayomidelawal/Downloads/yinlade dental/clinic-app/node_modules/@unrs/resolver-binding-win32-x64-msvc'
132 silly reify ]
133 verbose reify failed optional dependency /Users/ayomidelawal/Downloads/yinlade dental/clinic-app/node_modules/@unrs/resolver-binding-win32-ia32-msvc
134 silly reify mark deleted [
134 silly reify   '/Users/ayomidelawal/Downloads/yinlade dental/clinic-app/node_modules/@unrs/resolver-binding-win32-ia32-msvc'
134 silly reify ]
135 verbose reify failed optional dependency /Users/ayomidelawal/Downloads/yinlade dental/clinic-app/node_modules/@unrs/resolver-binding-win32-arm64-msvc
136 silly reify mark deleted [
136 silly reify   '/Users/ayomidelawal/Downloads/yinlade dental/clinic-app/node_modules/@unrs/resolver-binding-win32-arm64-msvc'
136 silly reify ]
137 verbose reify failed optional dependency /Users/ayomidelawal/Downloads/yinlade dental/clinic-app/node_modules/@unrs/resolver-binding-wasm32-wasi
138 silly reify mark deleted [
138 silly reify   '/Users/ayomidelawal/Downloads/yinlade dental/clinic-app/node_modules/@unrs/resolver-binding-wasm32-wasi'
138 silly reify ]
139 verbose reify failed optional dependency /Users/ayomidelawal/Downloads/yinlade dental/clinic-app/node_modules/@napi-rs/wasm-runtime
140 silly reify mark deleted [
140 silly reify   '/Users/ayomidelawal/Downloads/yinlade dental/clinic-app/node_modules/@napi-rs/wasm-runtime'
140 silly reify ]
141 verbose reify failed optional dependency /Users/ayomidelawal/Downloads/yinlade dental/clinic-app/node_modules/@emnapi/core
142 silly reify mark deleted [
142 silly reify   '/Users/ayomidelawal/Downloads/yinlade dental/clinic-app/node_modules/@emnapi/core'
142 silly reify ]
143 verbose reify failed optional dependency /Users/ayomidelawal/Downloads/yinlade dental/clinic-app/node_modules/@tybys/wasm-util
144 silly reify mark deleted [
144 silly reify   '/Users/ayomidelawal/Downloads/yinlade dental/clinic-app/node_modules/@tybys/wasm-util'
144 silly reify ]
145 verbose reify failed optional dependency /Users/ayomidelawal/Downloads/yinlade dental/clinic-app/node_modules/@emnapi/wasi-threads
146 silly reify mark deleted [
146 silly reify   '/Users/ayomidelawal/Downloads/yinlade dental/clinic-app/node_modules/@emnapi/wasi-threads'
146 silly reify ]
147 verbose reify failed optional dependency /Users/ayomidelawal/Downloads/yinlade dental/clinic-app/node_modules/@unrs/resolver-binding-linux-x64-musl
148 silly reify mark deleted [
148 silly reify   '/Users/ayomidelawal/Downloads/yinlade dental/clinic-app/node_modules/@unrs/resolver-binding-linux-x64-musl'
148 silly reify ]
149 verbose reify failed optional dependency /Users/ayomidelawal/Downloads/yinlade dental/clinic-app/node_modules/@unrs/resolver-binding-linux-x64-gnu
150 silly reify mark deleted [
150 silly reify   '/Users/ayomidelawal/Downloads/yinlade dental/clinic-app/node_modules/@unrs/resolver-binding-linux-x64-gnu'
150 silly reify ]
151 verbose reify failed optional dependency /Users/ayomidelawal/Downloads/yinlade dental/clinic-app/node_modules/@unrs/resolver-binding-linux-s390x-gnu
152 silly reify mark deleted [
152 silly reify   '/Users/ayomidelawal/Downloads/yinlade dental/clinic-app/node_modules/@unrs/resolver-binding-linux-s390x-gnu'
152 silly reify ]
153 verbose reify failed optional dependency /Users/ayomidelawal/Downloads/yinlade dental/clinic-app/node_modules/@unrs/resolver-binding-linux-riscv64-musl
154 silly reify mark deleted [
154 silly reify   '/Users/ayomidelawal/Downloads/yinlade dental/clinic-app/node_modules/@unrs/resolver-binding-linux-riscv64-musl'
154 silly reify ]
155 verbose reify failed optional dependency /Users/ayomidelawal/Downloads/yinlade dental/clinic-app/node_modules/@unrs/resolver-binding-linux-riscv64-gnu
156 silly reify mark deleted [
156 silly reify   '/Users/ayomidelawal/Downloads/yinlade dental/clinic-app/node_modules/@unrs/resolver-binding-linux-riscv64-gnu'
156 silly reify ]
157 verbose reify failed optional dependency /Users/ayomidelawal/Downloads/yinlade dental/clinic-app/node_modules/@unrs/resolver-binding-linux-ppc64-gnu
158 silly reify mark deleted [
158 silly reify   '/Users/ayomidelawal/Downloads/yinlade dental/clinic-app/node_modules/@unrs/resolver-binding-linux-ppc64-gnu'
158 silly reify ]
159 verbose reify failed optional dependency /Users/ayomidelawal/Downloads/yinlade dental/clinic-app/node_modules/@unrs/resolver-binding-linux-arm64-musl
160 silly reify mark deleted [
160 silly reify   '/Users/ayomidelawal/Downloads/yinlade dental/clinic-app/node_modules/@unrs/resolver-binding-linux-arm64-musl'
160 silly reify ]
161 verbose reify failed optional dependency /Users/ayomidelawal/Downloads/yinlade dental/clinic-app/node_modules/@unrs/resolver-binding-linux-arm64-gnu
162 silly reify mark deleted [
162 silly reify   '/Users/ayomidelawal/Downloads/yinlade dental/clinic-app/node_modules/@unrs/resolver-binding-linux-arm64-gnu'
162 silly reify ]
163 verbose reify failed optional dependency /Users/ayomidelawal/Downloads/yinlade dental/clinic-app/node_modules/@unrs/resolver-binding-linux-arm-musleabihf
164 silly reify mark deleted [
164 silly reify   '/Users/ayomidelawal/Downloads/yinlade dental/clinic-app/node_modules/@unrs/resolver-binding-linux-arm-musleabihf'
164 silly reify ]
165 verbose reify failed optional dependency /Users/ayomidelawal/Downloads/yinlade dental/clinic-app/node_modules/@unrs/resolver-binding-linux-arm-gnueabihf
166 silly reify mark deleted [
166 silly reify   '/Users/ayomidelawal/Downloads/yinlade dental/clinic-app/node_modules/@unrs/resolver-binding-linux-arm-gnueabihf'
166 silly reify ]
167 verbose reify failed optional dependency /Users/ayomidelawal/Downloads/yinlade dental/clinic-app/node_modules/@unrs/resolver-binding-freebsd-x64
168 silly reify mark deleted [
168 silly reify   '/Users/ayomidelawal/Downloads/yinlade dental/clinic-app/node_modules/@unrs/resolver-binding-freebsd-x64'
168 silly reify ]
169 verbose reify failed optional dependency /Users/ayomidelawal/Downloads/yinlade dental/clinic-app/node_modules/@unrs/resolver-binding-darwin-x64
170 silly reify mark deleted [
170 silly reify   '/Users/ayomidelawal/Downloads/yinlade dental/clinic-app/node_modules/@unrs/resolver-binding-darwin-x64'
170 silly reify ]
171 verbose reify failed optional dependency /Users/ayomidelawal/Downloads/yinlade dental/clinic-app/node_modules/@unrs/resolver-binding-android-arm64
172 silly reify mark deleted [
172 silly reify   '/Users/ayomidelawal/Downloads/yinlade dental/clinic-app/node_modules/@unrs/resolver-binding-android-arm64'
172 silly reify ]
173 verbose reify failed optional dependency /Users/ayomidelawal/Downloads/yinlade dental/clinic-app/node_modules/@unrs/resolver-binding-android-arm-eabi
174 silly reify mark deleted [
174 silly reify   '/Users/ayomidelawal/Downloads/yinlade dental/clinic-app/node_modules/@unrs/resolver-binding-android-arm-eabi'
174 silly reify ]
175 verbose reify failed optional dependency /Users/ayomidelawal/Downloads/yinlade dental/clinic-app/node_modules/@next/swc-win32-x64-msvc
176 silly reify mark deleted [
176 silly reify   '/Users/ayomidelawal/Downloads/yinlade dental/clinic-app/node_modules/@next/swc-win32-x64-msvc'
176 silly reify ]
177 verbose reify failed optional dependency /Users/ayomidelawal/Downloads/yinlade dental/clinic-app/node_modules/@next/swc-win32-arm64-msvc
178 silly reify mark deleted [
178 silly reify   '/Users/ayomidelawal/Downloads/yinlade dental/clinic-app/node_modules/@next/swc-win32-arm64-msvc'
178 silly reify ]
179 verbose reify failed optional dependency /Users/ayomidelawal/Downloads/yinlade dental/clinic-app/node_modules/@next/swc-linux-x64-musl
180 silly reify mark deleted [
180 silly reify   '/Users/ayomidelawal/Downloads/yinlade dental/clinic-app/node_modules/@next/swc-linux-x64-musl'
180 silly reify ]
181 verbose reify failed optional dependency /Users/ayomidelawal/Downloads/yinlade dental/clinic-app/node_modules/@next/swc-linux-x64-gnu
182 silly reify mark deleted [
182 silly reify   '/Users/ayomidelawal/Downloads/yinlade dental/clinic-app/node_modules/@next/swc-linux-x64-gnu'
182 silly reify ]
183 verbose reify failed optional dependency /Users/ayomidelawal/Downloads/yinlade dental/clinic-app/node_modules/@next/swc-linux-arm64-musl
184 silly reify mark deleted [
184 silly reify   '/Users/ayomidelawal/Downloads/yinlade dental/clinic-app/node_modules/@next/swc-linux-arm64-musl'
184 silly reify ]
185 verbose reify failed optional dependency /Users/ayomidelawal/Downloads/yinlade dental/clinic-app/node_modules/@next/swc-linux-arm64-gnu
186 silly reify mark deleted [
186 silly reify   '/Users/ayomidelawal/Downloads/yinlade dental/clinic-app/node_modules/@next/swc-linux-arm64-gnu'
186 silly reify ]
187 verbose reify failed optional dependency /Users/ayomidelawal/Downloads/yinlade dental/clinic-app/node_modules/@next/swc-darwin-x64
188 silly reify mark deleted [
188 silly reify   '/Users/ayomidelawal/Downloads/yinlade dental/clinic-app/node_modules/@next/swc-darwin-x64'
188 silly reify ]
189 verbose reify failed optional dependency /Users/ayomidelawal/Downloads/yinlade dental/clinic-app/node_modules/@img/sharp-win32-x64
190 silly reify mark deleted [
190 silly reify   '/Users/ayomidelawal/Downloads/yinlade dental/clinic-app/node_modules/@img/sharp-win32-x64'
190 silly reify ]
191 verbose reify failed optional dependency /Users/ayomidelawal/Downloads/yinlade dental/clinic-app/node_modules/@img/sharp-win32-ia32
192 silly reify mark deleted [
192 silly reify   '/Users/ayomidelawal/Downloads/yinlade dental/clinic-app/node_modules/@img/sharp-win32-ia32'
192 silly reify ]
193 verbose reify failed optional dependency /Users/ayomidelawal/Downloads/yinlade dental/clinic-app/node_modules/@img/sharp-win32-arm64
194 silly reify mark deleted [
194 silly reify   '/Users/ayomidelawal/Downloads/yinlade dental/clinic-app/node_modules/@img/sharp-win32-arm64'
194 silly reify ]
195 verbose reify failed optional dependency /Users/ayomidelawal/Downloads/yinlade dental/clinic-app/node_modules/@img/sharp-wasm32
196 silly reify mark deleted [
196 silly reify   '/Users/ayomidelawal/Downloads/yinlade dental/clinic-app/node_modules/@img/sharp-wasm32'
196 silly reify ]
197 verbose reify failed optional dependency /Users/ayomidelawal/Downloads/yinlade dental/clinic-app/node_modules/@img/sharp-linuxmusl-x64
198 silly reify mark deleted [
198 silly reify   '/Users/ayomidelawal/Downloads/yinlade dental/clinic-app/node_modules/@img/sharp-linuxmusl-x64'
198 silly reify ]
199 verbose reify failed optional dependency /Users/ayomidelawal/Downloads/yinlade dental/clinic-app/node_modules/@img/sharp-linuxmusl-arm64
200 silly reify mark deleted [
200 silly reify   '/Users/ayomidelawal/Downloads/yinlade dental/clinic-app/node_modules/@img/sharp-linuxmusl-arm64'
200 silly reify ]
201 verbose reify failed optional dependency /Users/ayomidelawal/Downloads/yinlade dental/clinic-app/node_modules/@img/sharp-linux-x64
202 silly reify mark deleted [
202 silly reify   '/Users/ayomidelawal/Downloads/yinlade dental/clinic-app/node_modules/@img/sharp-linux-x64'
202 silly reify ]
203 verbose reify failed optional dependency /Users/ayomidelawal/Downloads/yinlade dental/clinic-app/node_modules/@img/sharp-linux-s390x
204 silly reify mark deleted [
204 silly reify   '/Users/ayomidelawal/Downloads/yinlade dental/clinic-app/node_modules/@img/sharp-linux-s390x'
204 silly reify ]
205 verbose reify failed optional dependency /Users/ayomidelawal/Downloads/yinlade dental/clinic-app/node_modules/@img/sharp-linux-riscv64
206 silly reify mark deleted [
206 silly reify   '/Users/ayomidelawal/Downloads/yinlade dental/clinic-app/node_modules/@img/sharp-linux-riscv64'
206 silly reify ]
207 verbose reify failed optional dependency /Users/ayomidelawal/Downloads/yinlade dental/clinic-app/node_modules/@img/sharp-linux-ppc64
208 silly reify mark deleted [
208 silly reify   '/Users/ayomidelawal/Downloads/yinlade dental/clinic-app/node_modules/@img/sharp-linux-ppc64'
208 silly reify ]
209 verbose reify failed optional dependency /Users/ayomidelawal/Downloads/yinlade dental/clinic-app/node_modules/@img/sharp-linux-arm64
210 silly reify mark deleted [
210 silly reify   '/Users/ayomidelawal/Downloads/yinlade dental/clinic-app/node_modules/@img/sharp-linux-arm64'
210 silly reify ]
211 verbose reify failed optional dependency /Users/ayomidelawal/Downloads/yinlade dental/clinic-app/node_modules/@img/sharp-linux-arm
212 silly reify mark deleted [
212 silly reify   '/Users/ayomidelawal/Downloads/yinlade dental/clinic-app/node_modules/@img/sharp-linux-arm'
212 silly reify ]
213 verbose reify failed optional dependency /Users/ayomidelawal/Downloads/yinlade dental/clinic-app/node_modules/@img/sharp-libvips-linuxmusl-x64
214 silly reify mark deleted [
214 silly reify   '/Users/ayomidelawal/Downloads/yinlade dental/clinic-app/node_modules/@img/sharp-libvips-linuxmusl-x64'
214 silly reify ]
215 verbose reify failed optional dependency /Users/ayomidelawal/Downloads/yinlade dental/clinic-app/node_modules/@img/sharp-libvips-linuxmusl-arm64
216 silly reify mark deleted [
216 silly reify   '/Users/ayomidelawal/Downloads/yinlade dental/clinic-app/node_modules/@img/sharp-libvips-linuxmusl-arm64'
216 silly reify ]
217 verbose reify failed optional dependency /Users/ayomidelawal/Downloads/yinlade dental/clinic-app/node_modules/@img/sharp-libvips-linux-x64
218 silly reify mark deleted [
218 silly reify   '/Users/ayomidelawal/Downloads/yinlade dental/clinic-app/node_modules/@img/sharp-libvips-linux-x64'
218 silly reify ]
219 verbose reify failed optional dependency /Users/ayomidelawal/Downloads/yinlade dental/clinic-app/node_modules/@img/sharp-libvips-linux-s390x
220 silly reify mark deleted [
220 silly reify   '/Users/ayomidelawal/Downloads/yinlade dental/clinic-app/node_modules/@img/sharp-libvips-linux-s390x'
220 silly reify ]
221 verbose reify failed optional dependency /Users/ayomidelawal/Downloads/yinlade dental/clinic-app/node_modules/@img/sharp-libvips-linux-riscv64
222 silly reify mark deleted [
222 silly reify   '/Users/ayomidelawal/Downloads/yinlade dental/clinic-app/node_modules/@img/sharp-libvips-linux-riscv64'
222 silly reify ]
223 verbose reify failed optional dependency /Users/ayomidelawal/Downloads/yinlade dental/clinic-app/node_modules/@img/sharp-libvips-linux-ppc64
224 silly reify mark deleted [
224 silly reify   '/Users/ayomidelawal/Downloads/yinlade dental/clinic-app/node_modules/@img/sharp-libvips-linux-ppc64'
224 silly reify ]
225 verbose reify failed optional dependency /Users/ayomidelawal/Downloads/yinlade dental/clinic-app/node_modules/@img/sharp-libvips-linux-arm64
226 silly reify mark deleted [
226 silly reify   '/Users/ayomidelawal/Downloads/yinlade dental/clinic-app/node_modules/@img/sharp-libvips-linux-arm64'
226 silly reify ]
227 verbose reify failed optional dependency /Users/ayomidelawal/Downloads/yinlade dental/clinic-app/node_modules/@img/sharp-libvips-linux-arm
228 silly reify mark deleted [
228 silly reify   '/Users/ayomidelawal/Downloads/yinlade dental/clinic-app/node_modules/@img/sharp-libvips-linux-arm'
228 silly reify ]
229 verbose reify failed optional dependency /Users/ayomidelawal/Downloads/yinlade dental/clinic-app/node_modules/@img/sharp-libvips-darwin-x64
230 silly reify mark deleted [
230 silly reify   '/Users/ayomidelawal/Downloads/yinlade dental/clinic-app/node_modules/@img/sharp-libvips-darwin-x64'
230 silly reify ]
231 verbose reify failed optional dependency /Users/ayomidelawal/Downloads/yinlade dental/clinic-app/node_modules/@img/sharp-darwin-x64
232 silly reify mark deleted [
232 silly reify   '/Users/ayomidelawal/Downloads/yinlade dental/clinic-app/node_modules/@img/sharp-darwin-x64'
232 silly reify ]
233 silly tarball no local data for diff@https://registry.npmjs.org/diff/-/diff-4.0.4.tgz. Extracting by manifest.
234 silly tarball no local data for make-error@https://registry.npmjs.org/make-error/-/make-error-1.3.6.tgz. Extracting by manifest.
235 silly tarball no local data for create-require@https://registry.npmjs.org/create-require/-/create-require-1.1.1.tgz. Extracting by manifest.
236 silly tarball no local data for acorn-walk@https://registry.npmjs.org/acorn-walk/-/acorn-walk-8.3.5.tgz. Extracting by manifest.
237 silly tarball no local data for arg@https://registry.npmjs.org/arg/-/arg-4.1.3.tgz. Extracting by manifest.
238 silly tarball no local data for @tsconfig/node12@https://registry.npmjs.org/@tsconfig/node12/-/node12-1.0.11.tgz. Extracting by manifest.
239 silly tarball no local data for v8-compile-cache-lib@https://registry.npmjs.org/v8-compile-cache-lib/-/v8-compile-cache-lib-3.0.1.tgz. Extracting by manifest.
240 silly tarball no local data for @tsconfig/node16@https://registry.npmjs.org/@tsconfig/node16/-/node16-1.0.4.tgz. Extracting by manifest.
241 silly tarball no local data for @tsconfig/node14@https://registry.npmjs.org/@tsconfig/node14/-/node14-1.0.3.tgz. Extracting by manifest.
242 silly tarball no local data for @tsconfig/node10@https://registry.npmjs.org/@tsconfig/node10/-/node10-1.0.12.tgz. Extracting by manifest.
243 silly tarball no local data for @cspotcode/source-map-support@https://registry.npmjs.org/@cspotcode/source-map-support/-/source-map-support-0.8.1.tgz. Extracting by manifest.
244 silly tarball no local data for ts-node@https://registry.npmjs.org/ts-node/-/ts-node-10.9.2.tgz. Extracting by manifest.
245 silly tarball no local data for yn@https://registry.npmjs.org/yn/-/yn-3.1.1.tgz. Extracting by manifest.
246 silly tarball no local data for @jridgewell/trace-mapping@https://registry.npmjs.org/@jridgewell/trace-mapping/-/trace-mapping-0.3.9.tgz. Extracting by manifest.
247 http fetch GET 200 https://registry.npmjs.org/create-require/-/create-require-1.1.1.tgz 74ms (cache miss)
248 http fetch GET 200 https://registry.npmjs.org/acorn-walk/-/acorn-walk-8.3.5.tgz 75ms (cache miss)
249 http fetch GET 200 https://registry.npmjs.org/make-error/-/make-error-1.3.6.tgz 80ms (cache miss)
250 http fetch GET 200 https://registry.npmjs.org/arg/-/arg-4.1.3.tgz 81ms (cache miss)
251 http fetch POST 200 https://registry.npmjs.org/-/npm/v1/security/advisories/bulk 103ms
252 silly audit report {
252 silly audit report   '@hono/node-server': [
252 silly audit report     {
252 silly audit report       id: 1114170,
252 silly audit report       url: 'https://github.com/advisories/GHSA-wc8c-qw6v-h7f6',
252 silly audit report       title: '@hono/node-server has authorization bypass for protected static paths via encoded slashes in Serve Static Middleware',
252 silly audit report       severity: 'high',
252 silly audit report       vulnerable_versions: '<1.19.10',
252 silly audit report       cwe: [Array],
252 silly audit report       cvss: [Object]
252 silly audit report     }
252 silly audit report   ],
252 silly audit report   hono: [
252 silly audit report     {
252 silly audit report       id: 1112644,
252 silly audit report       url: 'https://github.com/advisories/GHSA-9r54-q6cx-xmh5',
252 silly audit report       title: 'Hono vulnerable to XSS through ErrorBoundary component ',
252 silly audit report       severity: 'moderate',
252 silly audit report       vulnerable_versions: '<4.11.7',
252 silly audit report       cwe: [Array],
252 silly audit report       cvss: [Object]
252 silly audit report     },
252 silly audit report     {
252 silly audit report       id: 1112677,
252 silly audit report       url: 'https://github.com/advisories/GHSA-6wqw-2p9w-4vw4',
252 silly audit report       title: 'Hono cache middleware ignores "Cache-Control: private" leading to Web Cache Deception',
252 silly audit report       severity: 'moderate',
252 silly audit report       vulnerable_versions: '<4.11.7',
252 silly audit report       cwe: [Array],
252 silly audit report       cvss: [Object]
252 silly audit report     },
252 silly audit report     {
252 silly audit report       id: 1112678,
252 silly audit report       url: 'https://github.com/advisories/GHSA-r354-f388-2fhh',
252 silly audit report       title: 'Hono IPv4 address validation bypass in IP Restriction Middleware allows IP spoofing',
252 silly audit report       severity: 'moderate',
252 silly audit report       vulnerable_versions: '<4.11.7',
252 silly audit report       cwe: [Array],
252 silly audit report       cvss: [Object]
252 silly audit report     },
252 silly audit report     {
252 silly audit report       id: 1112911,
252 silly audit report       url: 'https://github.com/advisories/GHSA-w332-q679-j88p',
252 silly audit report       title: 'Hono has an Arbitrary Key Read in Serve static Middleware (Cloudflare Workers Adapter)',
252 silly audit report       severity: 'moderate',
252 silly audit report       vulnerable_versions: '<4.11.7',
252 silly audit report       cwe: [Array],
252 silly audit report       cvss: [Object]
252 silly audit report     },
252 silly audit report     {
252 silly audit report       id: 1113311,
252 silly audit report       url: 'https://github.com/advisories/GHSA-gq3j-xvxp-8hrf',
252 silly audit report       title: 'Hono added timing comparison hardening in basicAuth and bearerAuth',
252 silly audit report       severity: 'low',
252 silly audit report       vulnerable_versions: '<4.11.10',
252 silly audit report       cwe: [Array],
252 silly audit report       cvss: [Object]
252 silly audit report     },
252 silly audit report     {
252 silly audit report       id: 1114004,
252 silly audit report       url: 'https://github.com/advisories/GHSA-5pq2-9x2x-5p6w',
252 silly audit report       title: 'Hono Vulnerable to Cookie Attribute Injection via Unsanitized domain and path in setCookie()',
252 silly audit report       severity: 'moderate',
252 silly audit report       vulnerable_versions: '<4.12.4',
252 silly audit report       cwe: [Array],
252 silly audit report       cvss: [Object]
252 silly audit report     },
252 silly audit report     {
252 silly audit report       id: 1114005,
252 silly audit report       url: 'https://github.com/advisories/GHSA-p6xx-57qc-3wxr',
252 silly audit report       title: 'Hono Vulnerable to SSE Control Field Injection via CR/LF in writeSSE()',
252 silly audit report       severity: 'moderate',
252 silly audit report       vulnerable_versions: '<4.12.4',
252 silly audit report       cwe: [Array],
252 silly audit report       cvss: [Object]
252 silly audit report     },
252 silly audit report     {
252 silly audit report       id: 1114006,
252 silly audit report       url: 'https://github.com/advisories/GHSA-q5qw-h33p-qvwr',
252 silly audit report       title: 'Hono vulnerable to arbitrary file access via serveStatic vulnerability ',
252 silly audit report       severity: 'high',
252 silly audit report       vulnerable_versions: '<4.12.4',
252 silly audit report       cwe: [Array],
252 silly audit report       cvss: [Object]
252 silly audit report     },
252 silly audit report     {
252 silly audit report       id: 1114341,
252 silly audit report       url: 'https://github.com/advisories/GHSA-v8w9-8mx6-g223',
252 silly audit report       title: 'Hono vulnerable to Prototype Pollution possible through __proto__ key allowed in parseBody({ dot: true })',
252 silly audit report       severity: 'moderate',
252 silly audit report       vulnerable_versions: '<4.12.7',
252 silly audit report       cwe: [Array],
252 silly audit report       cvss: [Object]
252 silly audit report     }
252 silly audit report   ],
252 silly audit report   lodash: [
252 silly audit report     {
252 silly audit report       id: 1112455,
252 silly audit report       url: 'https://github.com/advisories/GHSA-xxjr-mmjv-4gpg',
252 silly audit report       title: 'Lodash has Prototype Pollution Vulnerability in `_.unset` and `_.omit` functions',
252 silly audit report       severity: 'moderate',
252 silly audit report       vulnerable_versions: '>=4.0.0 <=4.17.22',
252 silly audit report       cwe: [Array],
252 silly audit report       cvss: [Object]
252 silly audit report     }
252 silly audit report   ]
252 silly audit report }
253 silly packumentCache corgi:https://registry.npmjs.org/@hono%2fnode-server cache-miss
254 silly packumentCache corgi:https://registry.npmjs.org/hono cache-miss
255 silly packumentCache corgi:https://registry.npmjs.org/lodash cache-miss
256 http fetch GET 200 https://registry.npmjs.org/@tsconfig/node12/-/node12-1.0.11.tgz 103ms (cache miss)
257 http fetch GET 200 https://registry.npmjs.org/diff/-/diff-4.0.4.tgz 114ms (cache miss)
258 http fetch GET 200 https://registry.npmjs.org/lodash 46ms (cache revalidated)
259 silly packumentCache corgi:https://registry.npmjs.org/lodash set size:68481 disposed:false
260 http fetch GET 200 https://registry.npmjs.org/hono 67ms (cache revalidated)
261 silly packumentCache corgi:https://registry.npmjs.org/hono set size:680738 disposed:false
262 http fetch GET 200 https://registry.npmjs.org/yn/-/yn-3.1.1.tgz 173ms (cache miss)
263 http fetch GET 200 https://registry.npmjs.org/@hono%2fnode-server 84ms (cache revalidated)
264 silly packumentCache corgi:https://registry.npmjs.org/@hono%2fnode-server set size:82566 disposed:false
265 silly packumentCache corgi:https://registry.npmjs.org/@prisma%2fdev cache-miss
266 http fetch GET 200 https://registry.npmjs.org/@tsconfig/node16/-/node16-1.0.4.tgz 181ms (cache miss)
267 http fetch GET 200 https://registry.npmjs.org/v8-compile-cache-lib/-/v8-compile-cache-lib-3.0.1.tgz 182ms (cache miss)
268 http fetch GET 200 https://registry.npmjs.org/@jridgewell/trace-mapping/-/trace-mapping-0.3.9.tgz 179ms (cache miss)
269 http fetch GET 200 https://registry.npmjs.org/@cspotcode/source-map-support/-/source-map-support-0.8.1.tgz 191ms (cache miss)
270 http fetch GET 200 https://registry.npmjs.org/@tsconfig/node14/-/node14-1.0.3.tgz 199ms (cache miss)
271 http fetch GET 200 https://registry.npmjs.org/@tsconfig/node10/-/node10-1.0.12.tgz 198ms (cache miss)
272 http fetch GET 200 https://registry.npmjs.org/ts-node/-/ts-node-10.9.2.tgz 231ms (cache miss)
273 http fetch GET 200 https://registry.npmjs.org/@prisma%2fdev 139ms (cache revalidated)
274 silly packumentCache corgi:https://registry.npmjs.org/@prisma%2fdev set size:946495 disposed:false
275 silly packumentCache corgi:https://registry.npmjs.org/@chevrotain%2fcst-dts-gen cache-miss
276 silly packumentCache corgi:https://registry.npmjs.org/@chevrotain%2fgast cache-miss
277 silly packumentCache corgi:https://registry.npmjs.org/chevrotain cache-miss
278 http fetch GET 200 https://registry.npmjs.org/chevrotain 45ms (cache revalidated)
279 silly packumentCache corgi:https://registry.npmjs.org/chevrotain set size:274286 disposed:false
280 http fetch GET 200 https://registry.npmjs.org/@chevrotain%2fcst-dts-gen 58ms (cache revalidated)
281 silly packumentCache corgi:https://registry.npmjs.org/@chevrotain%2fcst-dts-gen set size:24893 disposed:false
282 http fetch GET 200 https://registry.npmjs.org/@chevrotain%2fgast 79ms (cache revalidated)
283 silly packumentCache corgi:https://registry.npmjs.org/@chevrotain%2fgast set size:20755 disposed:false
284 silly packumentCache corgi:https://registry.npmjs.org/prisma cache-miss
285 http fetch GET 200 https://registry.npmjs.org/prisma 76ms (cache revalidated)
286 silly packumentCache corgi:https://registry.npmjs.org/prisma set size:22619498 disposed:false
287 silly packumentCache corgi:https://registry.npmjs.org/@mrleebo%2fprisma-ast cache-miss
288 http fetch GET 200 https://registry.npmjs.org/@mrleebo%2fprisma-ast 109ms (cache revalidated)
289 silly packumentCache corgi:https://registry.npmjs.org/@mrleebo%2fprisma-ast set size:48284 disposed:false
290 silly packumentCache corgi:https://registry.npmjs.org/@prisma%2fclient cache-miss
291 http fetch GET 200 https://registry.npmjs.org/@prisma%2fclient 210ms (cache revalidated)
292 silly packumentCache corgi:https://registry.npmjs.org/@prisma%2fclient set size:37508953 disposed:false
293 silly ADD node_modules/yn
294 silly ADD node_modules/v8-compile-cache-lib
295 silly ADD node_modules/make-error
296 silly ADD node_modules/diff
297 silly ADD node_modules/create-require
298 silly ADD node_modules/arg
299 silly ADD node_modules/acorn-walk
300 silly ADD node_modules/@tsconfig/node16
301 silly ADD node_modules/@tsconfig/node14
302 silly ADD node_modules/@tsconfig/node12
303 silly ADD node_modules/@tsconfig/node10
304 silly ADD node_modules/@cspotcode/source-map-support
305 silly ADD node_modules/@cspotcode/source-map-support/node_modules/@jridgewell/trace-mapping
306 silly ADD node_modules/ts-node
307 silly ADD
308 silly ADD
309 silly ADD
310 silly ADD
311 silly ADD
312 silly ADD
313 silly ADD
314 silly ADD
315 silly ADD
316 silly ADD
317 silly ADD
318 silly ADD
319 silly ADD
320 silly ADD
321 silly ADD
322 silly ADD
323 silly ADD
324 silly ADD
325 silly ADD
326 silly ADD
327 silly ADD
328 silly ADD
329 silly ADD
330 silly ADD
331 silly ADD
332 silly ADD
333 silly ADD
334 silly ADD
335 silly ADD
336 silly ADD
337 silly ADD
338 silly ADD
339 silly ADD
340 silly ADD
341 silly ADD
342 silly ADD
343 silly ADD
344 silly ADD
345 silly ADD
346 silly ADD
347 silly ADD
348 silly ADD
349 silly ADD
350 silly ADD
351 silly ADD
352 silly ADD
353 silly ADD
354 silly ADD
355 silly ADD
356 silly ADD
357 silly ADD
358 verbose cwd /Users/ayomidelawal/Downloads/yinlade dental/clinic-app
359 verbose os Darwin 24.6.0
360 verbose node v20.20.1
361 verbose npm  v10.8.2
362 verbose exit 0
363 info ok
